[Android_Galaxy S9 INFO ] 2021-06-19 10:57:20.454 ServerManager:20 - starting appium server
[Android_Galaxy S9 INFO ] 2021-06-19 10:58:06.931 ServerManager:29 - Appium server started
[Android_Galaxy S9 INFO ] 2021-06-19 10:58:06.969 DriverManager:35 - Initializing driver
[Android_Galaxy S9 INFO ] 2021-06-19 10:58:07.001 CapabilitiesManager:40 - App url is C:\Users\Qadir\eclipse-workspace\Selenium Udemy\CucumberFramework\src\test\resources\apps\Saucelabs.apk
[Android_Galaxy S9 INFO ] 2021-06-19 10:58:45.238 DriverManager:57 - Driver is initialized
[Android_Galaxy S9 INFO ] 2021-06-19 10:58:49.441 BasePage:74 - login with InvalidUserName
[Android_Galaxy S9 INFO ] 2021-06-19 10:58:51.332 BasePage:74 - password is secret_sauce
[Android_Galaxy S9 INFO ] 2021-06-19 10:58:52.354 BasePage:57 - press login button
[Android_Galaxy S9 INFO ] 2021-06-19 10:58:53.257 BasePage:100 - error text is - Username and password do not match any user in this service.
[Android_Galaxy S9 INFO ] 2021-06-19 10:58:56.814 VideoManager:36 - video path: Android_Galaxy S9\Videos\Login with invalid user name.mp4
[Android_Galaxy S9 INFO ] 2021-06-19 11:25:04.031 ServerManager:20 - starting appium server
[Android_Galaxy S9 INFO ] 2021-06-19 11:25:58.304 ServerManager:29 - Appium server started
[Android_Galaxy S9 INFO ] 2021-06-19 11:25:58.485 DriverManager:35 - Initializing driver
[Android_Galaxy S9 INFO ] 2021-06-19 11:25:58.621 CapabilitiesManager:40 - App url is C:\Users\Qadir\eclipse-workspace\Selenium Udemy\CucumberFramework\src\test\resources\apps\Saucelabs.apk
[Android_Galaxy S9 FATAL] 2021-06-19 11:26:58.932 DriverManager:65 - Driver initializtion failure org.openqa.selenium.SessionNotCreatedException: Unable to create a new remote session. Please check the server log for more details. Original error: An unknown server-side error occurred while processing the command. Original error: The instrumentation process cannot be initialized within 30000ms timeout. Make sure the application under test does not crash and investigate the logcat output. You could also try to increase the value of 'uiautomator2ServerLaunchTimeout' capability
Build info: version: '3.141.59', revision: 'e82be7d358', time: '2018-11-14T08:17:03'
System info: host: 'LAPTOP-RNF7R3U9', ip: '192.168.2.15', os.name: 'Windows 10', os.arch: 'amd64', os.version: '10.0', java.version: '10.0.2'
Driver info: driver.version: AndroidDriver
remote stacktrace: UnknownError: An unknown server-side error occurred while processing the command. Original error: The instrumentation process cannot be initialized within 30000ms timeout. Make sure the application under test does not crash and investigate the logcat output. You could also try to increase the value of 'uiautomator2ServerLaunchTimeout' capability
    at getResponseForW3CError (C:\Users\Qadir\AppData\Roaming\npm\node_modules\appium\node_modules\appium-base-driver\lib\protocol\errors.js:804:9)
    at asyncHandler (C:\Users\Qadir\AppData\Roaming\npm\node_modules\appium\node_modules\appium-base-driver\lib\protocol\protocol.js:380:37)
Build info: version: '3.141.59', revision: 'e82be7d358', time: '2018-11-14T08:17:03'
System info: host: 'LAPTOP-RNF7R3U9', ip: '192.168.2.15', os.name: 'Windows 10', os.arch: 'amd64', os.version: '10.0', java.version: '10.0.2'
Driver info: driver.version: AndroidDriver
[Android_Galaxy S9 INFO ] 2021-06-19 11:27:48.572 ServerManager:20 - starting appium server
[Android_Galaxy S9 INFO ] 2021-06-19 11:28:03.779 ServerManager:29 - Appium server started
[Android_Galaxy S9 INFO ] 2021-06-19 11:28:03.834 DriverManager:35 - Initializing driver
[Android_Galaxy S9 INFO ] 2021-06-19 11:28:03.871 CapabilitiesManager:40 - App url is C:\Users\Qadir\eclipse-workspace\Selenium Udemy\CucumberFramework\src\test\resources\apps\Saucelabs.apk
[Android_Galaxy S9 FATAL] 2021-06-19 11:28:14.414 DriverManager:65 - Driver initializtion failure org.openqa.selenium.SessionNotCreatedException: Unable to create a new remote session. Please check the server log for more details. Original error: An unknown server-side error occurred while processing the command. Original error: Could not proxy command to the remote server. Original error: socket hang up
Build info: version: '3.141.59', revision: 'e82be7d358', time: '2018-11-14T08:17:03'
System info: host: 'LAPTOP-RNF7R3U9', ip: '192.168.2.15', os.name: 'Windows 10', os.arch: 'amd64', os.version: '10.0', java.version: '10.0.2'
Driver info: driver.version: AndroidDriver
remote stacktrace: UnknownError: An unknown server-side error occurred while processing the command. Original error: Could not proxy command to the remote server. Original error: socket hang up
    at UIA2Proxy.command (C:\Users\Qadir\AppData\Roaming\npm\node_modules\appium\node_modules\appium-base-driver\lib\jsonwp-proxy\proxy.js:275:13)
    at process._tickCallback (internal/process/next_tick.js:68:7)
Build info: version: '3.141.59', revision: 'e82be7d358', time: '2018-11-14T08:17:03'
System info: host: 'LAPTOP-RNF7R3U9', ip: '192.168.2.15', os.name: 'Windows 10', os.arch: 'amd64', os.version: '10.0', java.version: '10.0.2'
Driver info: driver.version: AndroidDriver
[Android_Galaxy S9 INFO ] 2021-06-19 11:28:59.191 ServerManager:20 - starting appium server
[Android_Galaxy S9 INFO ] 2021-06-19 11:29:04.497 ServerManager:29 - Appium server started
[Android_Galaxy S9 INFO ] 2021-06-19 11:29:04.532 DriverManager:35 - Initializing driver
[Android_Galaxy S9 INFO ] 2021-06-19 11:29:04.563 CapabilitiesManager:40 - App url is C:\Users\Qadir\eclipse-workspace\Selenium Udemy\CucumberFramework\src\test\resources\apps\Saucelabs.apk
[Android_Galaxy S9 INFO ] 2021-06-19 11:29:17.286 DriverManager:57 - Driver is initialized
[Android_Galaxy S9 INFO ] 2021-06-19 11:29:20.852 BasePage:74 - login with InvalidUserName
[Android_Galaxy S9 INFO ] 2021-06-19 11:29:23.121 BasePage:74 - password is secret_sauce
[Android_Galaxy S9 INFO ] 2021-06-19 11:29:23.845 BasePage:57 - press login button
[Android_Galaxy S9 INFO ] 2021-06-19 11:29:24.916 BasePage:100 - error text is - Username and password do not match any user in this service.
[Android_Galaxy S9 INFO ] 2021-06-19 11:29:27.180 VideoManager:36 - video path: Android_Galaxy S9\Videos\Login with invalid user name.mp4
[Android_Galaxy S9 INFO ] 2021-06-19 11:33:09.198 ServerManager:20 - starting appium server
[Android_Galaxy S9 INFO ] 2021-06-19 11:33:14.432 ServerManager:29 - Appium server started
[Android_Galaxy S9 INFO ] 2021-06-19 11:33:14.476 DriverManager:35 - Initializing driver
[Android_Galaxy S9 INFO ] 2021-06-19 11:33:14.522 CapabilitiesManager:40 - App url is C:\Users\Qadir\eclipse-workspace\Selenium Udemy\CucumberFramework\src\test\resources\apps\Saucelabs.apk
[Android_Galaxy S9 INFO ] 2021-06-19 11:33:28.699 DriverManager:57 - Driver is initialized
[Android_Galaxy S9 INFO ] 2021-06-19 11:33:31.988 BasePage:74 - login with InvalidUserName
[Android_Galaxy S9 INFO ] 2021-06-19 11:33:33.951 BasePage:74 - password is secret_sauce
[Android_Galaxy S9 INFO ] 2021-06-19 11:33:35.173 BasePage:57 - press login button
[Android_Galaxy S9 INFO ] 2021-06-19 11:33:37.803 BasePage:100 - error text is - Username is required
[Android_Galaxy S9 INFO ] 2021-06-19 11:33:41.258 VideoManager:36 - video path: Android_Galaxy S9\Videos\Login with invalid user name.mp4
[Android_Galaxy S9 INFO ] 2021-06-19 11:39:54.896 ServerManager:20 - starting appium server
[Android_Galaxy S9 INFO ] 2021-06-19 11:40:08.049 ServerManager:29 - Appium server started
[Android_Galaxy S9 INFO ] 2021-06-19 11:40:08.090 DriverManager:35 - Initializing driver
[Android_Galaxy S9 INFO ] 2021-06-19 11:40:08.160 CapabilitiesManager:40 - App url is C:\Users\Qadir\eclipse-workspace\Selenium Udemy\CucumberFramework\src\test\resources\apps\Saucelabs.apk
[Android_Galaxy S9 INFO ] 2021-06-19 11:40:21.280 DriverManager:57 - Driver is initialized
[Android_Galaxy S9 INFO ] 2021-06-19 11:40:24.021 BasePage:74 - login with InvalidUserName
[Android_Galaxy S9 INFO ] 2021-06-19 11:40:25.986 BasePage:74 - password is secret_sauce
[Android_Galaxy S9 INFO ] 2021-06-19 11:40:27.133 BasePage:57 - press login button
[Android_Galaxy S9 INFO ] 2021-06-19 11:40:28.032 BasePage:100 - error text is - Username and password do not match any user in this service.
[Android_Galaxy S9 INFO ] 2021-06-19 11:40:31.460 VideoManager:36 - video path: Android_Galaxy S9\Videos\Login with invalid user name.mp4
[Android_Galaxy S9 INFO ] 2021-06-19 11:41:05.343 ServerManager:20 - starting appium server
[Android_Galaxy S9 INFO ] 2021-06-19 11:41:09.090 ServerManager:29 - Appium server started
[Android_Galaxy S9 INFO ] 2021-06-19 11:41:09.130 DriverManager:35 - Initializing driver
[Android_Galaxy S9 INFO ] 2021-06-19 11:41:09.254 CapabilitiesManager:40 - App url is C:\Users\Qadir\eclipse-workspace\Selenium Udemy\CucumberFramework\src\test\resources\apps\Saucelabs.apk
[Android_Galaxy S9 INFO ] 2021-06-19 11:41:20.844 DriverManager:57 - Driver is initialized
[Android_Galaxy S9 INFO ] 2021-06-19 11:42:54.035 ServerManager:20 - starting appium server
[Android_Galaxy S9 INFO ] 2021-06-19 11:42:59.190 ServerManager:29 - Appium server started
[Android_Galaxy S9 INFO ] 2021-06-19 11:42:59.248 DriverManager:35 - Initializing driver
[Android_Galaxy S9 INFO ] 2021-06-19 11:42:59.301 CapabilitiesManager:40 - App url is C:\Users\Qadir\eclipse-workspace\Selenium Udemy\CucumberFramework\src\test\resources\apps\Saucelabs.apk
[Android_Galaxy S9 FATAL] 2021-06-19 11:43:40.418 DriverManager:65 - Driver initializtion failure org.openqa.selenium.SessionNotCreatedException: Unable to create a new remote session. Please check the server log for more details. Original error: An unknown server-side error occurred while processing the command. Original error: The instrumentation process cannot be initialized within 30000ms timeout. Make sure the application under test does not crash and investigate the logcat output. You could also try to increase the value of 'uiautomator2ServerLaunchTimeout' capability
Build info: version: '3.141.59', revision: 'e82be7d358', time: '2018-11-14T08:17:03'
System info: host: 'LAPTOP-RNF7R3U9', ip: '192.168.2.15', os.name: 'Windows 10', os.arch: 'amd64', os.version: '10.0', java.version: '10.0.2'
Driver info: driver.version: AndroidDriver
remote stacktrace: UnknownError: An unknown server-side error occurred while processing the command. Original error: The instrumentation process cannot be initialized within 30000ms timeout. Make sure the application under test does not crash and investigate the logcat output. You could also try to increase the value of 'uiautomator2ServerLaunchTimeout' capability
    at getResponseForW3CError (C:\Users\Qadir\AppData\Roaming\npm\node_modules\appium\node_modules\appium-base-driver\lib\protocol\errors.js:804:9)
    at asyncHandler (C:\Users\Qadir\AppData\Roaming\npm\node_modules\appium\node_modules\appium-base-driver\lib\protocol\protocol.js:380:37)
Build info: version: '3.141.59', revision: 'e82be7d358', time: '2018-11-14T08:17:03'
System info: host: 'LAPTOP-RNF7R3U9', ip: '192.168.2.15', os.name: 'Windows 10', os.arch: 'amd64', os.version: '10.0', java.version: '10.0.2'
Driver info: driver.version: AndroidDriver
[Android_Galaxy S9 INFO ] 2021-06-19 11:44:16.271 ServerManager:20 - starting appium server
[Android_Galaxy S9 INFO ] 2021-06-19 11:44:20.301 ServerManager:29 - Appium server started
[Android_Galaxy S9 INFO ] 2021-06-19 11:44:20.335 DriverManager:35 - Initializing driver
[Android_Galaxy S9 INFO ] 2021-06-19 11:44:20.379 CapabilitiesManager:40 - App url is C:\Users\Qadir\eclipse-workspace\Selenium Udemy\CucumberFramework\src\test\resources\apps\Saucelabs.apk
[Android_Galaxy S9 FATAL] 2021-06-19 11:45:00.210 DriverManager:65 - Driver initializtion failure org.openqa.selenium.SessionNotCreatedException: Unable to create a new remote session. Please check the server log for more details. Original error: An unknown server-side error occurred while processing the command. Original error: The instrumentation process cannot be initialized within 30000ms timeout. Make sure the application under test does not crash and investigate the logcat output. You could also try to increase the value of 'uiautomator2ServerLaunchTimeout' capability
Build info: version: '3.141.59', revision: 'e82be7d358', time: '2018-11-14T08:17:03'
System info: host: 'LAPTOP-RNF7R3U9', ip: '192.168.2.15', os.name: 'Windows 10', os.arch: 'amd64', os.version: '10.0', java.version: '10.0.2'
Driver info: driver.version: AndroidDriver
remote stacktrace: UnknownError: An unknown server-side error occurred while processing the command. Original error: The instrumentation process cannot be initialized within 30000ms timeout. Make sure the application under test does not crash and investigate the logcat output. You could also try to increase the value of 'uiautomator2ServerLaunchTimeout' capability
    at getResponseForW3CError (C:\Users\Qadir\AppData\Roaming\npm\node_modules\appium\node_modules\appium-base-driver\lib\protocol\errors.js:804:9)
    at asyncHandler (C:\Users\Qadir\AppData\Roaming\npm\node_modules\appium\node_modules\appium-base-driver\lib\protocol\protocol.js:380:37)
Build info: version: '3.141.59', revision: 'e82be7d358', time: '2018-11-14T08:17:03'
System info: host: 'LAPTOP-RNF7R3U9', ip: '192.168.2.15', os.name: 'Windows 10', os.arch: 'amd64', os.version: '10.0', java.version: '10.0.2'
Driver info: driver.version: AndroidDriver
[Android_Galaxy S9 INFO ] 2021-06-19 11:48:00.740 ServerManager:20 - starting appium server
[Android_Galaxy S9 INFO ] 2021-06-19 11:48:04.269 ServerManager:29 - Appium server started
[Android_Galaxy S9 INFO ] 2021-06-19 11:48:04.304 DriverManager:35 - Initializing driver
[Android_Galaxy S9 INFO ] 2021-06-19 11:48:04.333 CapabilitiesManager:40 - App url is C:\Users\Qadir\eclipse-workspace\Selenium Udemy\CucumberFramework\src\test\resources\apps\Saucelabs.apk
[Android_Galaxy S9 FATAL] 2021-06-19 11:48:15.092 DriverManager:65 - Driver initializtion failure org.openqa.selenium.SessionNotCreatedException: Unable to create a new remote session. Please check the server log for more details. Original error: An unknown server-side error occurred while processing the command. Original error: Could not proxy command to the remote server. Original error: socket hang up
Build info: version: '3.141.59', revision: 'e82be7d358', time: '2018-11-14T08:17:03'
System info: host: 'LAPTOP-RNF7R3U9', ip: '192.168.2.15', os.name: 'Windows 10', os.arch: 'amd64', os.version: '10.0', java.version: '10.0.2'
Driver info: driver.version: AndroidDriver
remote stacktrace: UnknownError: An unknown server-side error occurred while processing the command. Original error: Could not proxy command to the remote server. Original error: socket hang up
    at UIA2Proxy.command (C:\Users\Qadir\AppData\Roaming\npm\node_modules\appium\node_modules\appium-base-driver\lib\jsonwp-proxy\proxy.js:275:13)
    at process._tickCallback (internal/process/next_tick.js:68:7)
Build info: version: '3.141.59', revision: 'e82be7d358', time: '2018-11-14T08:17:03'
System info: host: 'LAPTOP-RNF7R3U9', ip: '192.168.2.15', os.name: 'Windows 10', os.arch: 'amd64', os.version: '10.0', java.version: '10.0.2'
Driver info: driver.version: AndroidDriver
[Android_Galaxy S9 INFO ] 2021-06-19 11:49:00.662 ServerManager:20 - starting appium server
[Android_Galaxy S9 INFO ] 2021-06-19 11:49:07.220 ServerManager:29 - Appium server started
[Android_Galaxy S9 INFO ] 2021-06-19 11:49:07.256 DriverManager:35 - Initializing driver
[Android_Galaxy S9 INFO ] 2021-06-19 11:49:07.286 CapabilitiesManager:40 - App url is C:\Users\Qadir\eclipse-workspace\Selenium Udemy\CucumberFramework\src\test\resources\apps\Saucelabs.apk
[Android_Galaxy S9 INFO ] 2021-06-19 11:49:16.229 DriverManager:57 - Driver is initialized
[Android_Galaxy S9 INFO ] 2021-06-19 11:56:35.730 ServerManager:20 - starting appium server
[Android_Galaxy S9 INFO ] 2021-06-19 11:57:05.559 ServerManager:29 - Appium server started
[Android_Galaxy S9 INFO ] 2021-06-19 11:57:05.699 DriverManager:35 - Initializing driver
[Android_Galaxy S9 INFO ] 2021-06-19 11:57:05.767 CapabilitiesManager:40 - App url is C:\Users\Qadir\eclipse-workspace\Selenium Udemy\CucumberFramework\src\test\resources\apps\Saucelabs.apk
[Android_Galaxy S9 FATAL] 2021-06-19 11:58:16.484 DriverManager:65 - Driver initializtion failure org.openqa.selenium.SessionNotCreatedException: Unable to create a new remote session. Please check the server log for more details. Original error: An unknown server-side error occurred while processing the command. Original error: The instrumentation process cannot be initialized within 30000ms timeout. Make sure the application under test does not crash and investigate the logcat output. You could also try to increase the value of 'uiautomator2ServerLaunchTimeout' capability
Build info: version: '3.141.59', revision: 'e82be7d358', time: '2018-11-14T08:17:03'
System info: host: 'LAPTOP-RNF7R3U9', ip: '192.168.2.15', os.name: 'Windows 10', os.arch: 'amd64', os.version: '10.0', java.version: '10.0.2'
Driver info: driver.version: AndroidDriver
remote stacktrace: UnknownError: An unknown server-side error occurred while processing the command. Original error: The instrumentation process cannot be initialized within 30000ms timeout. Make sure the application under test does not crash and investigate the logcat output. You could also try to increase the value of 'uiautomator2ServerLaunchTimeout' capability
    at getResponseForW3CError (C:\Users\Qadir\AppData\Roaming\npm\node_modules\appium\node_modules\appium-base-driver\lib\protocol\errors.js:804:9)
    at asyncHandler (C:\Users\Qadir\AppData\Roaming\npm\node_modules\appium\node_modules\appium-base-driver\lib\protocol\protocol.js:380:37)
Build info: version: '3.141.59', revision: 'e82be7d358', time: '2018-11-14T08:17:03'
System info: host: 'LAPTOP-RNF7R3U9', ip: '192.168.2.15', os.name: 'Windows 10', os.arch: 'amd64', os.version: '10.0', java.version: '10.0.2'
Driver info: driver.version: AndroidDriver
[Android_Galaxy S9 INFO ] 2021-06-19 11:59:39.825 ServerManager:20 - starting appium server
[Android_Galaxy S9 INFO ] 2021-06-19 12:00:57.424 ServerManager:29 - Appium server started
[Android_Galaxy S9 INFO ] 2021-06-19 12:00:57.586 DriverManager:35 - Initializing driver
[Android_Galaxy S9 INFO ] 2021-06-19 12:00:57.662 CapabilitiesManager:40 - App url is C:\Users\Qadir\eclipse-workspace\Selenium Udemy\CucumberFramework\src\test\resources\apps\Saucelabs.apk
[Android_Galaxy S9 INFO ] 2021-06-19 12:01:37.037 DriverManager:57 - Driver is initialized
[Android_Galaxy S9 INFO ] 2021-06-19 12:02:32.405 ServerManager:20 - starting appium server
[Android_Galaxy S9 INFO ] 2021-06-19 12:02:40.543 ServerManager:29 - Appium server started
[Android_Galaxy S9 INFO ] 2021-06-19 12:02:40.572 DriverManager:35 - Initializing driver
[Android_Galaxy S9 INFO ] 2021-06-19 12:02:40.599 CapabilitiesManager:40 - App url is C:\Users\Qadir\eclipse-workspace\Selenium Udemy\CucumberFramework\src\test\resources\apps\Saucelabs.apk
[Android_Galaxy S9 FATAL] 2021-06-19 12:02:48.111 DriverManager:65 - Driver initializtion failure org.openqa.selenium.SessionNotCreatedException: Unable to create a new remote session. Please check the server log for more details. Original error: An unknown server-side error occurred while processing the command. Original error: Could not proxy command to the remote server. Original error: socket hang up
Build info: version: '3.141.59', revision: 'e82be7d358', time: '2018-11-14T08:17:03'
System info: host: 'LAPTOP-RNF7R3U9', ip: '192.168.2.15', os.name: 'Windows 10', os.arch: 'amd64', os.version: '10.0', java.version: '10.0.2'
Driver info: driver.version: AndroidDriver
remote stacktrace: UnknownError: An unknown server-side error occurred while processing the command. Original error: Could not proxy command to the remote server. Original error: socket hang up
    at UIA2Proxy.command (C:\Users\Qadir\AppData\Roaming\npm\node_modules\appium\node_modules\appium-base-driver\lib\jsonwp-proxy\proxy.js:275:13)
    at process._tickCallback (internal/process/next_tick.js:68:7)
Build info: version: '3.141.59', revision: 'e82be7d358', time: '2018-11-14T08:17:03'
System info: host: 'LAPTOP-RNF7R3U9', ip: '192.168.2.15', os.name: 'Windows 10', os.arch: 'amd64', os.version: '10.0', java.version: '10.0.2'
Driver info: driver.version: AndroidDriver
[Android_Galaxy S9 INFO ] 2021-06-19 12:05:05.134 ServerManager:20 - starting appium server
[Android_Galaxy S9 INFO ] 2021-06-19 12:05:08.624 ServerManager:29 - Appium server started
[Android_Galaxy S9 INFO ] 2021-06-19 12:05:08.693 DriverManager:35 - Initializing driver
[Android_Galaxy S9 INFO ] 2021-06-19 12:05:08.724 CapabilitiesManager:40 - App url is C:\Users\Qadir\eclipse-workspace\Selenium Udemy\CucumberFramework\src\test\resources\apps\Saucelabs.apk
[Android_Galaxy S9 FATAL] 2021-06-19 12:05:18.814 DriverManager:65 - Driver initializtion failure org.openqa.selenium.SessionNotCreatedException: Unable to create a new remote session. Please check the server log for more details. Original error: An unknown server-side error occurred while processing the command. Original error: Could not proxy command to the remote server. Original error: socket hang up
Build info: version: '3.141.59', revision: 'e82be7d358', time: '2018-11-14T08:17:03'
System info: host: 'LAPTOP-RNF7R3U9', ip: '192.168.2.15', os.name: 'Windows 10', os.arch: 'amd64', os.version: '10.0', java.version: '10.0.2'
Driver info: driver.version: AndroidDriver
remote stacktrace: UnknownError: An unknown server-side error occurred while processing the command. Original error: Could not proxy command to the remote server. Original error: socket hang up
    at UIA2Proxy.command (C:\Users\Qadir\AppData\Roaming\npm\node_modules\appium\node_modules\appium-base-driver\lib\jsonwp-proxy\proxy.js:275:13)
    at process._tickCallback (internal/process/next_tick.js:68:7)
Build info: version: '3.141.59', revision: 'e82be7d358', time: '2018-11-14T08:17:03'
System info: host: 'LAPTOP-RNF7R3U9', ip: '192.168.2.15', os.name: 'Windows 10', os.arch: 'amd64', os.version: '10.0', java.version: '10.0.2'
Driver info: driver.version: AndroidDriver
[Android_Galaxy S9 INFO ] 2021-06-19 12:05:34.134 ServerManager:20 - starting appium server
[Android_Galaxy S9 INFO ] 2021-06-19 12:05:37.219 ServerManager:29 - Appium server started
[Android_Galaxy S9 INFO ] 2021-06-19 12:05:37.257 DriverManager:35 - Initializing driver
[Android_Galaxy S9 INFO ] 2021-06-19 12:05:37.291 CapabilitiesManager:40 - App url is C:\Users\Qadir\eclipse-workspace\Selenium Udemy\CucumberFramework\src\test\resources\apps\Saucelabs.apk
[Android_Galaxy S9 FATAL] 2021-06-19 12:05:45.291 DriverManager:65 - Driver initializtion failure org.openqa.selenium.SessionNotCreatedException: Unable to create a new remote session. Please check the server log for more details. Original error: An unknown server-side error occurred while processing the command. Original error: Could not proxy command to the remote server. Original error: socket hang up
Build info: version: '3.141.59', revision: 'e82be7d358', time: '2018-11-14T08:17:03'
System info: host: 'LAPTOP-RNF7R3U9', ip: '192.168.2.15', os.name: 'Windows 10', os.arch: 'amd64', os.version: '10.0', java.version: '10.0.2'
Driver info: driver.version: AndroidDriver
remote stacktrace: UnknownError: An unknown server-side error occurred while processing the command. Original error: Could not proxy command to the remote server. Original error: socket hang up
    at UIA2Proxy.command (C:\Users\Qadir\AppData\Roaming\npm\node_modules\appium\node_modules\appium-base-driver\lib\jsonwp-proxy\proxy.js:275:13)
    at process._tickCallback (internal/process/next_tick.js:68:7)
Build info: version: '3.141.59', revision: 'e82be7d358', time: '2018-11-14T08:17:03'
System info: host: 'LAPTOP-RNF7R3U9', ip: '192.168.2.15', os.name: 'Windows 10', os.arch: 'amd64', os.version: '10.0', java.version: '10.0.2'
Driver info: driver.version: AndroidDriver
[Android_Galaxy S9 INFO ] 2021-06-19 12:06:01.610 ServerManager:20 - starting appium server
[Android_Galaxy S9 INFO ] 2021-06-19 12:06:06.993 ServerManager:29 - Appium server started
[Android_Galaxy S9 INFO ] 2021-06-19 12:06:07.036 DriverManager:35 - Initializing driver
[Android_Galaxy S9 INFO ] 2021-06-19 12:06:07.069 CapabilitiesManager:40 - App url is C:\Users\Qadir\eclipse-workspace\Selenium Udemy\CucumberFramework\src\test\resources\apps\Saucelabs.apk
[Android_Galaxy S9 INFO ] 2021-06-19 12:06:18.095 DriverManager:57 - Driver is initialized
[Android_Galaxy S9 INFO ] 2021-06-19 12:06:20.875 BasePage:74 - login with InvalidUserName
[Android_Galaxy S9 INFO ] 2021-06-19 12:06:24.050 BasePage:74 - password is secret_sauce
[Android_Galaxy S9 INFO ] 2021-06-19 12:06:24.961 BasePage:57 - press login button
[Android_Galaxy S9 INFO ] 2021-06-19 12:06:26.324 BasePage:100 - error text is - Username and password do not match any user in this service.
[Android_Galaxy S9 INFO ] 2021-06-19 12:06:28.316 VideoManager:36 - video path: Android_Galaxy S9\Videos\Login with invalid user name.mp4
[Android_Galaxy S9 INFO ] 2021-06-19 12:09:06.400 ServerManager:20 - starting appium server
[Android_Galaxy S9 INFO ] 2021-06-19 12:09:12.102 ServerManager:29 - Appium server started
[Android_Galaxy S9 INFO ] 2021-06-19 12:09:12.159 DriverManager:35 - Initializing driver
[Android_Galaxy S9 INFO ] 2021-06-19 12:09:12.204 CapabilitiesManager:40 - App url is C:\Users\Qadir\eclipse-workspace\Selenium Udemy\CucumberFramework\src\test\resources\apps\Saucelabs.apk
[Android_Galaxy S9 INFO ] 2021-06-19 12:09:27.144 DriverManager:57 - Driver is initialized
[Android_Galaxy S9 INFO ] 2021-06-19 12:09:29.347 BasePage:74 - login with InvalidUserName
[Android_Galaxy S9 INFO ] 2021-06-19 12:09:31.503 BasePage:74 - password is secret_sauce
[Android_Galaxy S9 INFO ] 2021-06-19 12:09:32.623 BasePage:57 - press login button
[Android_Galaxy S9 INFO ] 2021-06-19 12:09:33.510 BasePage:100 - error text is - Username and password do not match any user in this service.
[Android_Galaxy S9 INFO ] 2021-06-19 12:09:42.033 VideoManager:36 - video path: Android_Galaxy S9\Videos\Login with invalid user name.mp4
