2021-06-21 21:55:45:759 [Appium] Welcome to Appium v1.20.2
2021-06-21 21:55:45:760 [Appium] Non-default server args:
2021-06-21 21:55:45:761 [Appium]   port: 21205
2021-06-21 21:55:45:762 [Appium]   sessionOverride: true
2021-06-21 21:55:45:764 [Appium]   logFile: C:\Users\Qadir\eclipse-workspace\Selenium Udemy\CucumberFramework- TestNG\Android_Android_Pixel4\Server.log
2021-06-21 21:55:45:793 [Appium] Appium REST http interface listener started on 0.0.0.0:21205
2021-06-21 21:55:46:303 [HTTP] --> GET /wd/hub/status
2021-06-21 21:55:46:303 [HTTP] {}
2021-06-21 21:55:46:304 [GENERIC] Calling AppiumDriver.getStatus() with args: []
2021-06-21 21:55:46:305 [GENERIC] Responding to client with driver.getStatus() result: {"build":{"version":"1.20.2"}}
2021-06-21 21:55:46:310 [HTTP] <-- GET /wd/hub/status 200 6 ms - 68
2021-06-21 21:55:46:310 [HTTP] 
2021-06-21 21:55:46:413 [HTTP] --> GET /wd/hub/status
2021-06-21 21:55:46:413 [HTTP] {}
2021-06-21 21:55:46:414 [GENERIC] Calling AppiumDriver.getStatus() with args: []
2021-06-21 21:55:46:414 [GENERIC] Responding to client with driver.getStatus() result: {"build":{"version":"1.20.2"}}
2021-06-21 21:55:46:415 [HTTP] <-- GET /wd/hub/status 200 1 ms - 68
2021-06-21 21:55:46:415 [HTTP] 
2021-06-21 21:55:48:018 [HTTP] Request idempotency key: a8627b6d-1413-4ed1-89ac-4a4461a47b2a
2021-06-21 21:55:48:212 [HTTP] --> POST /wd/hub/session
2021-06-21 21:55:48:212 [HTTP] {"desiredCapabilities":{"app":"C:\\Users\\Qadir\\eclipse-workspace\\Selenium Udemy\\CucumberFramework- TestNG\\src\\test\\resources\\apps\\Saucelabs.apk","appActivity":"com.swaglabsmobileapp.MainActivity","appPackage":"com.swaglabsmobileapp","automationName":"UIAutomator2","chromeDriverPort":"110001","platformName":"Android","udid":"emulator-5554","deviceName":"Android_Pixel4","systemPort":"10001"},"capabilities":{"firstMatch":[{"appium:app":"C:\\Users\\Qadir\\eclipse-workspace\\Selenium Udemy\\CucumberFramework- TestNG\\src\\test\\resources\\apps\\Saucelabs.apk","appium:appActivity":"com.swaglabsmobileapp.MainActivity","appium:appPackage":"com.swaglabsmobileapp","appium:automationName":"UIAutomator2","chromeDriverPort":"110001","appium:deviceName":"Android_Pixel4","platformName":"android","appium:systemPort":"10001","appium:udid":"emulator-5554"}]}}
2021-06-21 21:55:48:232 [W3C] Calling AppiumDriver.createSession() with args: [{"app":"C:\\Users\\Qadir\\eclipse-workspace\\Selenium Udemy\\CucumberFramework- TestNG\\src\\test\\resources\\apps\\Saucelabs.apk","appActivity":"com.swaglabsmobileapp.MainActivity","appPackage":"com.swaglabsmobileapp","automationName":"UIAutomator2","chromeDriverPort":"110001","platformName":"Android","udid":"emulator-5554","deviceName":"Android_Pixel4","systemPort":"10001"},null,{"firstMatch":[{"appium:app":"C:\\Users\\Qadir\\eclipse-workspace\\Selenium Udemy\\CucumberFramework- TestNG\\src\\test\\resources\\apps\\Saucelabs.apk","appium:appActivity":"com.swaglabsmobileapp.MainActivity","appium:appPackage":"com.swaglabsmobileapp","appium:automationName":"UIAutomator2","chromeDriverPort":"110001","appium:deviceName":"Android_Pixel4","platformName":"android","appium:systemPort":"10001","appium:udid":"emulator-5554"}]}]
2021-06-21 21:55:48:233 [BaseDriver] Event 'newSessionRequested' logged at 1624312548232 (17:55:48 GMT-0400 (Eastern Daylight Time))
2021-06-21 21:55:48:240 [BaseDriver] The following capabilities are not standard capabilities and should have an extension prefix:
2021-06-21 21:55:48:241 [BaseDriver]   chromeDriverPort
2021-06-21 21:55:52:655 [Appium] Appium v1.20.2 creating new AndroidUiautomator2Driver (v1.61.2) session
2021-06-21 21:55:52:655 [Appium] There are no active sessions for cleanup
2021-06-21 21:55:52:658 [BaseDriver] W3C capabilities and MJSONWP desired capabilities were provided
2021-06-21 21:55:52:659 [BaseDriver] Creating session with W3C capabilities: {
2021-06-21 21:55:52:659 [BaseDriver]   "alwaysMatch": {
2021-06-21 21:55:52:659 [BaseDriver]     "appium:chromeDriverPort": "110001",
2021-06-21 21:55:52:659 [BaseDriver]     "platformName": "android",
2021-06-21 21:55:52:659 [BaseDriver]     "appium:app": "C:\\Users\\Qadir\\eclipse-workspace\\Selenium Udemy\\CucumberFramework- TestNG\\src\\test\\resources\\apps\\Saucelabs.apk",
2021-06-21 21:55:52:673 [BaseDriver]     "appium:appActivity": "com.swaglabsmobileapp.MainActivity",
2021-06-21 21:55:52:673 [BaseDriver]     "appium:appPackage": "com.swaglabsmobileapp",
2021-06-21 21:55:52:673 [BaseDriver]     "appium:automationName": "UIAutomator2",
2021-06-21 21:55:52:673 [BaseDriver]     "appium:deviceName": "Android_Pixel4",
2021-06-21 21:55:52:673 [BaseDriver]     "appium:systemPort": "10001",
2021-06-21 21:55:52:673 [BaseDriver]     "appium:udid": "emulator-5554"
2021-06-21 21:55:52:673 [BaseDriver]   },
2021-06-21 21:55:52:673 [BaseDriver]   "firstMatch": [
2021-06-21 21:55:52:674 [BaseDriver]     {}
2021-06-21 21:55:52:674 [BaseDriver]   ]
2021-06-21 21:55:52:674 [BaseDriver] }
2021-06-21 21:55:52:685 [BaseDriver] Number capability passed in as string. Functionality may be compromised.
2021-06-21 21:55:52:686 [BaseDriver] Number capability passed in as string. Functionality may be compromised.
2021-06-21 21:55:52:690 [BaseDriver] Capability 'systemPort' changed from string ('10001') to integer (10001). This may cause unexpected behavior
2021-06-21 21:55:52:690 [BaseDriver] Capability 'chromeDriverPort' changed from string ('110001') to integer (110001). This may cause unexpected behavior
2021-06-21 21:55:52:694 [BaseDriver] Session created with session id: 059cff38-23c6-4ec1-b668-a2ef75d16654
2021-06-21 21:55:52:699 [BaseDriver] Using local app 'C:\Users\Qadir\eclipse-workspace\Selenium Udemy\CucumberFramework- TestNG\src\test\resources\apps\Saucelabs.apk'
2021-06-21 21:55:52:699 [UiAutomator2] Checking whether app is actually present
2021-06-21 21:55:53:837 [ADB] Found 3 'build-tools' folders under 'C:\Users\Qadir\AppData\Local\Android\Sdk' (newest first):
2021-06-21 21:55:53:838 [ADB]     C:/Users/Qadir/AppData/Local/Android/Sdk/build-tools/30.0.3
2021-06-21 21:55:53:838 [ADB]     C:/Users/Qadir/AppData/Local/Android/Sdk/build-tools/29.0.2
2021-06-21 21:55:53:838 [ADB]     C:/Users/Qadir/AppData/Local/Android/Sdk/build-tools/28.0.3
2021-06-21 21:55:53:841 [ADB] Using 'adb.exe' from 'C:\Users\Qadir\AppData\Local\Android\Sdk\platform-tools\adb.exe'
2021-06-21 21:55:53:916 [ADB] Running 'C:\Users\Qadir\AppData\Local\Android\Sdk\platform-tools\adb.exe -P 5037 start-server'
2021-06-21 21:55:54:326 [AndroidDriver] Retrieving device list
2021-06-21 21:55:54:327 [ADB] Trying to find a connected android device
2021-06-21 21:55:54:419 [ADB] Getting connected devices
2021-06-21 21:55:54:445 [ADB] Connected devices: [{"udid":"50584a424e443498","state":"device"},{"udid":"emulator-5554","state":"device"}]
2021-06-21 21:55:54:446 [AndroidDriver] Using device: emulator-5554
2021-06-21 21:55:54:447 [ADB] Using 'adb.exe' from 'C:\Users\Qadir\AppData\Local\Android\Sdk\platform-tools\adb.exe'
2021-06-21 21:55:54:447 [ADB] Running 'C:\Users\Qadir\AppData\Local\Android\Sdk\platform-tools\adb.exe -P 5037 start-server'
2021-06-21 21:55:54:478 [ADB] Setting device id to emulator-5554
2021-06-21 21:55:54:479 [ADB] Running 'C:\Users\Qadir\AppData\Local\Android\Sdk\platform-tools\adb.exe -P 5037 -s emulator-5554 shell getprop ro.build.version.sdk'
2021-06-21 21:55:54:615 [ADB] Current device property 'ro.build.version.sdk': 28
2021-06-21 21:55:54:616 [ADB] Getting device platform version
2021-06-21 21:55:54:616 [ADB] Running 'C:\Users\Qadir\AppData\Local\Android\Sdk\platform-tools\adb.exe -P 5037 -s emulator-5554 shell getprop ro.build.version.release'
2021-06-21 21:55:54:680 [ADB] Current device property 'ro.build.version.release': 9
2021-06-21 21:55:54:680 [ADB] Device API level: 28
2021-06-21 21:55:54:680 [UiAutomator2] Relaxing hidden api policy
2021-06-21 21:55:54:681 [ADB] Running 'C:\Users\Qadir\AppData\Local\Android\Sdk\platform-tools\adb.exe -P 5037 -s emulator-5554 shell 'settings put global hidden_api_policy_pre_p_apps 1;settings put global hidden_api_policy_p_apps 1;settings put global hidden_api_policy 1''
2021-06-21 21:55:55:047 [ADB] Running 'C:\Users\Qadir\AppData\Local\Android\Sdk\platform-tools\adb.exe -P 5037 -s emulator-5554 wait-for-device'
2021-06-21 21:55:55:100 [ADB] Running 'C:\Users\Qadir\AppData\Local\Android\Sdk\platform-tools\adb.exe -P 5037 -s emulator-5554 shell echo ping'
2021-06-21 21:55:55:135 [AndroidDriver] Pushing settings apk to device...
2021-06-21 21:55:55:136 [ADB] Getting install status for io.appium.settings
2021-06-21 21:55:55:136 [ADB] Running 'C:\Users\Qadir\AppData\Local\Android\Sdk\platform-tools\adb.exe -P 5037 -s emulator-5554 shell dumpsys package io.appium.settings'
2021-06-21 21:55:55:482 [ADB] 'io.appium.settings' is installed
2021-06-21 21:55:55:483 [ADB] Getting package info for 'io.appium.settings'
2021-06-21 21:55:55:483 [ADB] Running 'C:\Users\Qadir\AppData\Local\Android\Sdk\platform-tools\adb.exe -P 5037 -s emulator-5554 shell dumpsys package io.appium.settings'
2021-06-21 21:55:57:052 [ADB] The version name of the installed 'io.appium.settings' is greater or equal to the application version name ('3.2.1' >= '3.2.1')
2021-06-21 21:55:57:058 [ADB] There is no need to install/upgrade 'C:\Users\Qadir\AppData\Roaming\npm\node_modules\appium\node_modules\io.appium.settings\apks\settings_apk-debug.apk'
2021-06-21 21:55:57:061 [ADB] Getting IDs of all 'io.appium.settings' processes
2021-06-21 21:55:57:062 [ADB] Running 'C:\Users\Qadir\AppData\Local\Android\Sdk\platform-tools\adb.exe -P 5037 -s emulator-5554 shell 'pgrep --help; echo $?''
2021-06-21 21:55:57:108 [ADB] Running 'C:\Users\Qadir\AppData\Local\Android\Sdk\platform-tools\adb.exe -P 5037 -s emulator-5554 shell pgrep -f \(\[\[:blank:\]\]\|\^\)io\.appium\.settings\(\[\[:blank:\]\]\|\$\)'
2021-06-21 21:55:57:163 [AndroidDriver] io.appium.settings is already running. There is no need to reset its permissions.
2021-06-21 21:55:57:165 [Logcat] Starting logs capture with command: C:\\Users\\Qadir\\AppData\\Local\\Android\\Sdk\\platform-tools\\adb.exe -P 5037 -s emulator-5554 logcat -v threadtime
2021-06-21 21:55:57:538 [UiAutomator2] Forwarding UiAutomator2 Server port 6790 to local port 10001
2021-06-21 21:55:57:539 [ADB] Forwarding system: 10001 to device: 6790
2021-06-21 21:55:57:539 [ADB] Running 'C:\Users\Qadir\AppData\Local\Android\Sdk\platform-tools\adb.exe -P 5037 -s emulator-5554 forward tcp:10001 tcp:6790'
2021-06-21 21:55:57:595 [ADB] Getting install status for io.appium.uiautomator2.server
2021-06-21 21:55:57:595 [ADB] Running 'C:\Users\Qadir\AppData\Local\Android\Sdk\platform-tools\adb.exe -P 5037 -s emulator-5554 shell dumpsys package io.appium.uiautomator2.server'
2021-06-21 21:55:57:786 [ADB] 'io.appium.uiautomator2.server' is installed
2021-06-21 21:55:57:786 [ADB] Getting package info for 'io.appium.uiautomator2.server'
2021-06-21 21:55:57:787 [ADB] Running 'C:\Users\Qadir\AppData\Local\Android\Sdk\platform-tools\adb.exe -P 5037 -s emulator-5554 shell dumpsys package io.appium.uiautomator2.server'
2021-06-21 21:55:58:078 [ADB] The version name of the installed 'io.appium.uiautomator2.server' is greater or equal to the application version name ('4.17.4' >= '4.17.4')
2021-06-21 21:55:58:078 [UiAutomator2] io.appium.uiautomator2.server installation state: sameVersionInstalled
2021-06-21 21:55:58:079 [ADB] Checking app cert for C:\Users\Qadir\AppData\Roaming\npm\node_modules\appium\node_modules\appium-uiautomator2-server\apks\appium-uiautomator2-server-v4.17.4.apk
2021-06-21 21:55:58:082 [ADB] Using 'apksigner.jar' from 'C:\Users\Qadir\AppData\Local\Android\Sdk\build-tools\30.0.3\lib\apksigner.jar'
2021-06-21 21:55:58:083 [ADB] Starting apksigner: 'C:\\Program Files\\Java\\jdk-10.0.2\\bin\\java.exe' -Xmx1024M -Xss1m -jar C:\\Users\\Qadir\\AppData\\Local\\Android\\Sdk\\build-tools\\30.0.3\\lib\\apksigner.jar verify --print-certs C:\\Users\\Qadir\\AppData\\Roaming\\npm\\node_modules\\appium\\node_modules\\appium-uiautomator2-server\\apks\\appium-uiautomator2-server-v4.17.4.apk
2021-06-21 21:56:00:172 [ADB] apksigner stdout: Signer #1 certificate DN: EMAILADDRESS=android@android.com, CN=Android, OU=Android, O=Android, L=Mountain View, ST=California, C=US
2021-06-21 21:56:00:172 [ADB] Signer #1 certificate SHA-256 digest: a40da80a59d170caa950cf15c18c454d47a39b26989d8b640ecd745ba71bf5dc
2021-06-21 21:56:00:173 [ADB] Signer #1 certificate SHA-1 digest: 61ed377e85d386a8dfee6b864bd85b0bfaa5af81
2021-06-21 21:56:00:173 [ADB] Signer #1 certificate MD5 digest: e89b158e4bcf988ebd09eb83f5378e87
2021-06-21 21:56:00:173 [ADB] 
2021-06-21 21:56:00:174 [ADB] sha256 hash did match for 'appium-uiautomator2-server-v4.17.4.apk'
2021-06-21 21:56:00:174 [ADB] 'C:\Users\Qadir\AppData\Roaming\npm\node_modules\appium\node_modules\appium-uiautomator2-server\apks\appium-uiautomator2-server-v4.17.4.apk' is signed with the default certificate
2021-06-21 21:56:00:174 [ADB] Getting install status for io.appium.uiautomator2.server.test
2021-06-21 21:56:00:174 [ADB] Running 'C:\Users\Qadir\AppData\Local\Android\Sdk\platform-tools\adb.exe -P 5037 -s emulator-5554 shell dumpsys package io.appium.uiautomator2.server.test'
2021-06-21 21:56:00:231 [ADB] 'io.appium.uiautomator2.server.test' is installed
2021-06-21 21:56:00:232 [ADB] Checking app cert for C:\Users\Qadir\AppData\Roaming\npm\node_modules\appium\node_modules\appium-uiautomator2-server\apks\appium-uiautomator2-server-debug-androidTest.apk
2021-06-21 21:56:00:232 [ADB] Starting apksigner: 'C:\\Program Files\\Java\\jdk-10.0.2\\bin\\java.exe' -Xmx1024M -Xss1m -jar C:\\Users\\Qadir\\AppData\\Local\\Android\\Sdk\\build-tools\\30.0.3\\lib\\apksigner.jar verify --print-certs C:\\Users\\Qadir\\AppData\\Roaming\\npm\\node_modules\\appium\\node_modules\\appium-uiautomator2-server\\apks\\appium-uiautomator2-server-debug-androidTest.apk
2021-06-21 21:56:01:014 [ADB] apksigner stdout: Signer #1 certificate DN: EMAILADDRESS=android@android.com, CN=Android, OU=Android, O=Android, L=Mountain View, ST=California, C=US
2021-06-21 21:56:01:014 [ADB] Signer #1 certificate SHA-256 digest: a40da80a59d170caa950cf15c18c454d47a39b26989d8b640ecd745ba71bf5dc
2021-06-21 21:56:01:015 [ADB] Signer #1 certificate SHA-1 digest: 61ed377e85d386a8dfee6b864bd85b0bfaa5af81
2021-06-21 21:56:01:015 [ADB] Signer #1 certificate MD5 digest: e89b158e4bcf988ebd09eb83f5378e87
2021-06-21 21:56:01:015 [ADB] 
2021-06-21 21:56:01:015 [ADB] sha256 hash did match for 'appium-uiautomator2-server-debug-androidTest.apk'
2021-06-21 21:56:01:015 [ADB] 'C:\Users\Qadir\AppData\Roaming\npm\node_modules\appium\node_modules\appium-uiautomator2-server\apks\appium-uiautomator2-server-debug-androidTest.apk' is signed with the default certificate
2021-06-21 21:56:01:015 [UiAutomator2] Server packages are not going to be (re)installed
2021-06-21 21:56:01:021 [UiAutomator2] Waiting up to 30000ms for services to be available
2021-06-21 21:56:01:021 [ADB] Running 'C:\Users\Qadir\AppData\Local\Android\Sdk\platform-tools\adb.exe -P 5037 -s emulator-5554 shell pm list instrumentation'
2021-06-21 21:56:01:101 [UiAutomator2] Instrumentation target 'io.appium.uiautomator2.server.test/androidx.test.runner.AndroidJUnitRunner' is available
2021-06-21 21:56:01:104 [ADB] Adding packages ["io.appium.settings","io.appium.uiautomator2.server","io.appium.uiautomator2.server.test"] to Doze whitelist
2021-06-21 21:56:01:105 [ADB] Got the following command chunks to execute: [["dumpsys","deviceidle","whitelist","+io.appium.settings",";","dumpsys","deviceidle","whitelist","+io.appium.uiautomator2.server",";","dumpsys","deviceidle","whitelist","+io.appium.uiautomator2.server.test",";"]]
2021-06-21 21:56:01:106 [ADB] Running 'C:\Users\Qadir\AppData\Local\Android\Sdk\platform-tools\adb.exe -P 5037 -s emulator-5554 shell dumpsys deviceidle whitelist +io.appium.settings ; dumpsys deviceidle whitelist +io.appium.uiautomator2.server ; dumpsys deviceidle whitelist +io.appium.uiautomator2.server.test ;'
2021-06-21 21:56:01:227 [ADB] Checking app cert for C:\Users\Qadir\eclipse-workspace\Selenium Udemy\CucumberFramework- TestNG\src\test\resources\apps\Saucelabs.apk
2021-06-21 21:56:01:228 [ADB] Starting apksigner: 'C:\\Program Files\\Java\\jdk-10.0.2\\bin\\java.exe' -Xmx1024M -Xss1m -jar C:\\Users\\Qadir\\AppData\\Local\\Android\\Sdk\\build-tools\\30.0.3\\lib\\apksigner.jar verify --print-certs 'C:\\Users\\Qadir\\eclipse-workspace\\Selenium Udemy\\CucumberFramework- TestNG\\src\\test\\resources\\apps\\Saucelabs.apk'
2021-06-21 21:56:03:932 [ADB] apksigner stdout: Signer #1 certificate DN: CN=wswebcreation, OU=sample-app, O=Sauce Labs, L=San Francisco, ST=California, C=CA
2021-06-21 21:56:03:932 [ADB] Signer #1 certificate SHA-256 digest: 24fd76156cde9748f50e68dbdafde6498ec4beaa41316438d06ffdde41ce7a3d
2021-06-21 21:56:03:932 [ADB] Signer #1 certificate SHA-1 digest: 2a1a91b5b813edbd94986bffb8398349b9b504e0
2021-06-21 21:56:03:932 [ADB] Signer #1 certificate MD5 digest: ac89c8eda61ba1f13ee22bae56d13abc
2021-06-21 21:56:03:932 [ADB] 
2021-06-21 21:56:03:932 [ADB] 'C:\Users\Qadir\eclipse-workspace\Selenium Udemy\CucumberFramework- TestNG\src\test\resources\apps\Saucelabs.apk' is signed with a non-default certificate
2021-06-21 21:56:03:933 [ADB] Getting install status for com.swaglabsmobileapp
2021-06-21 21:56:03:933 [ADB] Running 'C:\Users\Qadir\AppData\Local\Android\Sdk\platform-tools\adb.exe -P 5037 -s emulator-5554 shell dumpsys package com.swaglabsmobileapp'
2021-06-21 21:56:04:001 [ADB] 'com.swaglabsmobileapp' is installed
2021-06-21 21:56:04:002 [ADB] Getting package info for 'com.swaglabsmobileapp'
2021-06-21 21:56:04:002 [ADB] Running 'C:\Users\Qadir\AppData\Local\Android\Sdk\platform-tools\adb.exe -P 5037 -s emulator-5554 shell dumpsys package com.swaglabsmobileapp'
2021-06-21 21:56:04:043 [ADB] The version name of the installed 'com.swaglabsmobileapp' is greater or equal to the application version name ('2.7.1' >= '2.7.1')
2021-06-21 21:56:04:043 [ADB] There is no need to install/upgrade 'C:\Users\Qadir\eclipse-workspace\Selenium Udemy\CucumberFramework- TestNG\src\test\resources\apps\Saucelabs.apk'
2021-06-21 21:56:04:043 [AndroidDriver] Performing fast reset on 'com.swaglabsmobileapp'
2021-06-21 21:56:04:048 [ADB] Getting install status for com.swaglabsmobileapp
2021-06-21 21:56:04:049 [ADB] Running 'C:\Users\Qadir\AppData\Local\Android\Sdk\platform-tools\adb.exe -P 5037 -s emulator-5554 shell dumpsys package com.swaglabsmobileapp'
2021-06-21 21:56:04:086 [ADB] 'com.swaglabsmobileapp' is installed
2021-06-21 21:56:04:086 [ADB] Running 'C:\Users\Qadir\AppData\Local\Android\Sdk\platform-tools\adb.exe -P 5037 -s emulator-5554 shell am force-stop com.swaglabsmobileapp'
2021-06-21 21:56:04:132 [ADB] Running 'C:\Users\Qadir\AppData\Local\Android\Sdk\platform-tools\adb.exe -P 5037 -s emulator-5554 shell pm clear com.swaglabsmobileapp'
2021-06-21 21:56:05:091 [AndroidDriver] Performed fast reset on the installed 'com.swaglabsmobileapp' application (stop and clear)
2021-06-21 21:56:05:092 [UiAutomator2] Performing shallow cleanup of automation leftovers
2021-06-21 21:56:05:265 [UiAutomator2] No obsolete sessions have been detected (socket hang up)
2021-06-21 21:56:05:265 [ADB] Running 'C:\Users\Qadir\AppData\Local\Android\Sdk\platform-tools\adb.exe -P 5037 -s emulator-5554 shell am force-stop io.appium.uiautomator2.server.test'
2021-06-21 21:56:05:324 [UiAutomator2] Starting UIAutomator2 server 4.17.4
2021-06-21 21:56:05:324 [UiAutomator2] Using UIAutomator2 server from 'C:\Users\Qadir\AppData\Roaming\npm\node_modules\appium\node_modules\appium-uiautomator2-server\apks\appium-uiautomator2-server-v4.17.4.apk' and test from 'C:\Users\Qadir\AppData\Roaming\npm\node_modules\appium\node_modules\appium-uiautomator2-server\apks\appium-uiautomator2-server-debug-androidTest.apk'
2021-06-21 21:56:05:324 [UiAutomator2] Waiting up to 30000ms for UiAutomator2 to be online...
2021-06-21 21:56:05:325 [ADB] Creating ADB subprocess with args: ["-P",5037,"-s","emulator-5554","shell","am","instrument","-w","io.appium.uiautomator2.server.test/androidx.test.runner.AndroidJUnitRunner"]
2021-06-21 21:56:05:343 [WD Proxy] Matched '/status' to command name 'getStatus'
2021-06-21 21:56:05:345 [WD Proxy] Proxying [GET /status] to [GET http://127.0.0.1:10001/wd/hub/status] with no body
2021-06-21 21:56:05:350 [WD Proxy] socket hang up
2021-06-21 21:56:06:360 [WD Proxy] Matched '/status' to command name 'getStatus'
2021-06-21 21:56:06:360 [WD Proxy] Proxying [GET /status] to [GET http://127.0.0.1:10001/wd/hub/status] with no body
2021-06-21 21:56:06:363 [WD Proxy] socket hang up
2021-06-21 21:56:07:365 [WD Proxy] Matched '/status' to command name 'getStatus'
2021-06-21 21:56:07:365 [WD Proxy] Proxying [GET /status] to [GET http://127.0.0.1:10001/wd/hub/status] with no body
2021-06-21 21:56:07:368 [WD Proxy] socket hang up
2021-06-21 21:56:08:375 [WD Proxy] Matched '/status' to command name 'getStatus'
2021-06-21 21:56:08:376 [WD Proxy] Proxying [GET /status] to [GET http://127.0.0.1:10001/wd/hub/status] with no body
2021-06-21 21:56:08:387 [WD Proxy] socket hang up
2021-06-21 21:56:09:397 [WD Proxy] Matched '/status' to command name 'getStatus'
2021-06-21 21:56:09:397 [WD Proxy] Proxying [GET /status] to [GET http://127.0.0.1:10001/wd/hub/status] with no body
2021-06-21 21:56:09:401 [WD Proxy] socket hang up
2021-06-21 21:56:10:416 [WD Proxy] Matched '/status' to command name 'getStatus'
2021-06-21 21:56:10:417 [WD Proxy] Proxying [GET /status] to [GET http://127.0.0.1:10001/wd/hub/status] with no body
2021-06-21 21:56:10:419 [WD Proxy] socket hang up
2021-06-21 21:56:11:431 [WD Proxy] Matched '/status' to command name 'getStatus'
2021-06-21 21:56:11:431 [WD Proxy] Proxying [GET /status] to [GET http://127.0.0.1:10001/wd/hub/status] with no body
2021-06-21 21:56:11:434 [WD Proxy] socket hang up
2021-06-21 21:56:12:448 [WD Proxy] Matched '/status' to command name 'getStatus'
2021-06-21 21:56:12:449 [WD Proxy] Proxying [GET /status] to [GET http://127.0.0.1:10001/wd/hub/status] with no body
2021-06-21 21:56:12:462 [WD Proxy] socket hang up
2021-06-21 21:56:13:465 [WD Proxy] Matched '/status' to command name 'getStatus'
2021-06-21 21:56:13:465 [WD Proxy] Proxying [GET /status] to [GET http://127.0.0.1:10001/wd/hub/status] with no body
2021-06-21 21:56:13:469 [WD Proxy] socket hang up
2021-06-21 21:56:14:483 [WD Proxy] Matched '/status' to command name 'getStatus'
2021-06-21 21:56:14:484 [WD Proxy] Proxying [GET /status] to [GET http://127.0.0.1:10001/wd/hub/status] with no body
2021-06-21 21:56:14:487 [WD Proxy] socket hang up
2021-06-21 21:56:15:490 [WD Proxy] Matched '/status' to command name 'getStatus'
2021-06-21 21:56:15:490 [WD Proxy] Proxying [GET /status] to [GET http://127.0.0.1:10001/wd/hub/status] with no body
2021-06-21 21:56:15:493 [WD Proxy] socket hang up
2021-06-21 21:56:16:502 [WD Proxy] Matched '/status' to command name 'getStatus'
2021-06-21 21:56:16:502 [WD Proxy] Proxying [GET /status] to [GET http://127.0.0.1:10001/wd/hub/status] with no body
2021-06-21 21:56:16:505 [WD Proxy] socket hang up
2021-06-21 21:56:17:509 [WD Proxy] Matched '/status' to command name 'getStatus'
2021-06-21 21:56:17:509 [WD Proxy] Proxying [GET /status] to [GET http://127.0.0.1:10001/wd/hub/status] with no body
2021-06-21 21:56:17:512 [WD Proxy] socket hang up
2021-06-21 21:56:17:970 [Instrumentation] io.appium.uiautomator2.server.test.AppiumUiAutomator2Server:
2021-06-21 21:56:18:518 [WD Proxy] Matched '/status' to command name 'getStatus'
2021-06-21 21:56:18:518 [WD Proxy] Proxying [GET /status] to [GET http://127.0.0.1:10001/wd/hub/status] with no body
2021-06-21 21:56:18:522 [WD Proxy] socket hang up
2021-06-21 21:56:19:527 [WD Proxy] Matched '/status' to command name 'getStatus'
2021-06-21 21:56:19:528 [WD Proxy] Proxying [GET /status] to [GET http://127.0.0.1:10001/wd/hub/status] with no body
2021-06-21 21:56:19:531 [WD Proxy] socket hang up
2021-06-21 21:56:20:535 [WD Proxy] Matched '/status' to command name 'getStatus'
2021-06-21 21:56:20:536 [WD Proxy] Proxying [GET /status] to [GET http://127.0.0.1:10001/wd/hub/status] with no body
2021-06-21 21:56:20:835 [WD Proxy] Got response with status 200: {"sessionId":"None","value":{"message":"UiAutomator2 Server is ready to accept commands","ready":true}}
2021-06-21 21:56:20:836 [UiAutomator2] The initialization of the instrumentation process took 15511ms
2021-06-21 21:56:20:836 [WD Proxy] Matched '/session' to command name 'createSession'
2021-06-21 21:56:20:837 [WD Proxy] Proxying [POST /session] to [POST http://127.0.0.1:10001/wd/hub/session] with body: {"capabilities":{"firstMatch":[{"platform":"LINUX","webStorageEnabled":false,"takesScreenshot":true,"javascriptEnabled":true,"databaseEnabled":false,"networkConnectionEnabled":true,"locationContextEnabled":false,"warnings":{},"desired":{"platformName":"android","chromeDriverPort":110001,"app":"C:\\Users\\Qadir\\eclipse-workspace\\Selenium Udemy\\CucumberFramework- TestNG\\src\\test\\resources\\apps\\Saucelabs.apk","appActivity":"com.swaglabsmobileapp.MainActivity","appPackage":"com.swaglabsmobileapp","automationName":"UIAutomator2","deviceName":"Android_Pixel4","systemPort":10001,"udid":"emulator-5554"},"platformName":"android","chromeDriverPort":110001,"app":"C:\\Users\\Qadir\\eclipse-workspace\\Selenium Udemy\\CucumberFramework- TestNG\\src\\test\\resources\\apps\\Saucelabs.apk","appActivity":"com.swaglabsmobileapp.MainActivity","appPackage":"com.swaglabsmobileapp","automationName":"UIAutomator2","deviceName":"emulator-5554","systemPort":10001,"udid":"emulator-5554","deviceUDID":"emulator-5554"}],"always...
2021-06-21 21:56:20:883 [WD Proxy] Got response with status 200: {"sessionId":"dff51be2-33f9-4ee4-9367-e47fcd54ec21","value":{"capabilities":{"firstMatch":[{"platform":"LINUX","webStorageEnabled":false,"takesScreenshot":true,"javascriptEnabled":true,"databaseEnabled":false,"networkConnectionEnabled":true,"locationContextEnabled":false,"warnings":{},"desired":{"platformName":"android","chromeDriverPort":110001,"app":"C:\\Users\\Qadir\\eclipse-workspace\\Selenium Udemy\\CucumberFramework- TestNG\\src\\test\\resources\\apps\\Saucelabs.apk","appActivity":"com.swaglabsmobileapp.MainActivity","appPackage":"com.swaglabsmobileapp","automationName":"UIAutomator2","deviceName":"Android_Pixel4","systemPort":10001,"udid":"emulator-5554"},"platformName":"android","chromeDriverPort":110001,"app":"C:\\Users\\Qadir\\eclipse-workspace\\Selenium Udemy\\CucumberFramework- TestNG\\src\\test\\resources\\apps\\Saucelabs.apk","appActivity":"com.swaglabsmobileapp.MainActivity","appPackage":"com.swaglabsmobileapp","automationName":"UIAutomator2","deviceName":"emulator-5554","systemPort":10001,"...
2021-06-21 21:56:20:883 [WD Proxy] Determined the downstream protocol as 'W3C'
2021-06-21 21:56:20:901 [WD Proxy] Proxying [GET /appium/device/info] to [GET http://127.0.0.1:10001/wd/hub/session/dff51be2-33f9-4ee4-9367-e47fcd54ec21/appium/device/info] with no body
2021-06-21 21:56:21:577 [WD Proxy] Got response with status 200: {"sessionId":"dff51be2-33f9-4ee4-9367-e47fcd54ec21","value":{"androidId":"6e5e95560e89de64","apiVersion":"28","bluetooth":null,"brand":"google","carrierName":"Android","displayDensity":560,"locale":"en_US","manufacturer":"Google","model":"AOSP on IA Emulator","networks":[{"capabilities":{"SSID":null,"linkDownBandwidthKbps":1048576,"linkUpstreamBandwidthKbps":1048576,"networkCapabilities":"NET_CAPABILITY_NOT_METERED,NET_CAPABILITY_INTERNET,NET_CAPABILITY_NOT_RESTRICTED,NET_CAPABILITY_TRUSTED,NET_CAPABILITY_NOT_VPN,NET_CAPABILITY_VALIDATED,NET_CAPABILITY_NOT_ROAMING,NET_CAPABILITY_FOREGROUND,NET_CAPABILITY_NOT_CONGESTED,NET_CAPABILITY_NOT_SUSPENDED","signalStrength":-50,"transportTypes":"TRANSPORT_WIFI"},"detailedState":"CONNECTED","extraInfo":null,"isAvailable":true,"isConnected":true,"isFailover":false,"isRoaming":false,"state":"CONNECTED","subtype":0,"subtypeName":"","type":1,"typeName":"WIFI"},{"capabilities":{"SSID":null,"linkDownBandwidthKbps":102400,"linkUpstreamBandwidthKbps":51200,"networkCapabiliti...
2021-06-21 21:56:21:577 [ADB] Running 'C:\Users\Qadir\AppData\Local\Android\Sdk\platform-tools\adb.exe -P 5037 -s emulator-5554 shell dumpsys window'
2021-06-21 21:56:21:745 [AndroidDriver] Screen already unlocked, doing nothing
2021-06-21 21:56:21:745 [UiAutomator2] Starting 'com.swaglabsmobileapp/com.swaglabsmobileapp.MainActivity and waiting for 'com.swaglabsmobileapp/com.swaglabsmobileapp.MainActivity'
2021-06-21 21:56:21:746 [ADB] Running 'C:\Users\Qadir\AppData\Local\Android\Sdk\platform-tools\adb.exe -P 5037 -s emulator-5554 shell am start -W -n com.swaglabsmobileapp/com.swaglabsmobileapp.MainActivity -S -a android.intent.action.MAIN -c android.intent.category.LAUNCHER -f 0x10200000'
2021-06-21 21:56:32:311 [WD Proxy] Proxying [GET /appium/device/pixel_ratio] to [GET http://127.0.0.1:10001/wd/hub/session/dff51be2-33f9-4ee4-9367-e47fcd54ec21/appium/device/pixel_ratio] with no body
2021-06-21 21:56:32:319 [WD Proxy] Got response with status 200: {"sessionId":"dff51be2-33f9-4ee4-9367-e47fcd54ec21","value":3.5}
2021-06-21 21:56:32:321 [WD Proxy] Matched '/appium/device/system_bars' to command name 'getSystemBars'
2021-06-21 21:56:32:321 [WD Proxy] Proxying [GET /appium/device/system_bars] to [GET http://127.0.0.1:10001/wd/hub/session/dff51be2-33f9-4ee4-9367-e47fcd54ec21/appium/device/system_bars] with no body
2021-06-21 21:56:32:329 [WD Proxy] Got response with status 200: {"sessionId":"dff51be2-33f9-4ee4-9367-e47fcd54ec21","value":{"statusBar":172}}
2021-06-21 21:56:32:329 [WD Proxy] Matched '/window/current/size' to command name 'getWindowSize'
2021-06-21 21:56:32:330 [WD Proxy] Proxying [GET /window/current/size] to [GET http://127.0.0.1:10001/wd/hub/session/dff51be2-33f9-4ee4-9367-e47fcd54ec21/window/current/size] with no body
2021-06-21 21:56:32:395 [WD Proxy] Got response with status 200: {"sessionId":"dff51be2-33f9-4ee4-9367-e47fcd54ec21","value":{"height":2701,"width":1440}}
2021-06-21 21:56:32:396 [Appium] New AndroidUiautomator2Driver session created successfully, session 059cff38-23c6-4ec1-b668-a2ef75d16654 added to master session list
2021-06-21 21:56:32:397 [BaseDriver] Event 'newSessionStarted' logged at 1624312592397 (17:56:32 GMT-0400 (Eastern Daylight Time))
2021-06-21 21:56:32:397 [W3C (059cff38)] Cached the protocol value 'W3C' for the new session 059cff38-23c6-4ec1-b668-a2ef75d16654
2021-06-21 21:56:32:398 [W3C (059cff38)] Responding to client with driver.createSession() result: {"capabilities":{"platform":"LINUX","webStorageEnabled":false,"takesScreenshot":true,"javascriptEnabled":true,"databaseEnabled":false,"networkConnectionEnabled":true,"locationContextEnabled":false,"warnings":{},"desired":{"platformName":"android","chromeDriverPort":110001,"app":"C:\\Users\\Qadir\\eclipse-workspace\\Selenium Udemy\\CucumberFramework- TestNG\\src\\test\\resources\\apps\\Saucelabs.apk","appActivity":"com.swaglabsmobileapp.MainActivity","appPackage":"com.swaglabsmobileapp","automationName":"UIAutomator2","deviceName":"Android_Pixel4","systemPort":10001,"udid":"emulator-5554"},"platformName":"android","chromeDriverPort":110001,"app":"C:\\Users\\Qadir\\eclipse-workspace\\Selenium Udemy\\CucumberFramework- TestNG\\src\\test\\resources\\apps\\Saucelabs.apk","appActivity":"com.swaglabsmobileapp.MainActivity","appPackage":"com.swaglabsmobileapp","automationName":"UIAutomator2","deviceName":"emulator-5554","systemPort":10001,"udid":"emulator-5554","deviceUDID":"emulator-5554","deviceApiLevel":28,"pla...
2021-06-21 21:56:32:400 [HTTP] <-- POST /wd/hub/session 200 44187 ms - 1324
2021-06-21 21:56:32:400 [HTTP] 
2021-06-21 21:56:32:463 [HTTP] --> POST /wd/hub/session/059cff38-23c6-4ec1-b668-a2ef75d16654/appium/start_recording_screen
2021-06-21 21:56:32:463 [HTTP] {}
2021-06-21 21:56:32:473 [W3C (059cff38)] Calling AppiumDriver.startRecordingScreen() with args: [null,"059cff38-23c6-4ec1-b668-a2ef75d16654"]
2021-06-21 21:56:32:475 [ADB] Getting IDs of all 'screenrecord' processes
2021-06-21 21:56:32:475 [ADB] Running 'C:\Users\Qadir\AppData\Local\Android\Sdk\platform-tools\adb.exe -P 5037 -s emulator-5554 shell pgrep -f \(\[\[:blank:\]\]\|\^\)screenrecord\(\[\[:blank:\]\]\|\$\)'
2021-06-21 21:56:33:142 [AndroidDriver] Screen recording has not been previously started by Appium. There is nothing to stop
2021-06-21 21:56:33:142 [ADB] Getting IDs of all 'screenrecord' processes
2021-06-21 21:56:33:142 [ADB] Running 'C:\Users\Qadir\AppData\Local\Android\Sdk\platform-tools\adb.exe -P 5037 -s emulator-5554 shell pgrep -f \(\[\[:blank:\]\]\|\^\)screenrecord\(\[\[:blank:\]\]\|\$\)'
2021-06-21 21:56:33:185 [ADB] Building screenrecord process with the command line: adb -P 5037 -s emulator-5554 shell screenrecord --time-limit 180 /sdcard/be915396.mp4
2021-06-21 21:56:33:199 [ADB] Running 'C:\Users\Qadir\AppData\Local\Android\Sdk\platform-tools\adb.exe -P 5037 -s emulator-5554 shell "[ -e '/sdcard/be915396.mp4' ] && echo __PASS__"'
2021-06-21 21:56:33:574 [ADB] Running 'C:\Users\Qadir\AppData\Local\Android\Sdk\platform-tools\adb.exe -P 5037 -s emulator-5554 shell "[ -e '/sdcard/be915396.mp4' ] && echo __PASS__"'
2021-06-21 21:56:33:606 [W3C (059cff38)] Responding to client with driver.startRecordingScreen() result: ""
2021-06-21 21:56:33:607 [HTTP] <-- POST /wd/hub/session/059cff38-23c6-4ec1-b668-a2ef75d16654/appium/start_recording_screen 200 1144 ms - 12
2021-06-21 21:56:33:607 [HTTP] 
2021-06-21 21:56:33:611 [HTTP] --> GET /wd/hub/session/059cff38-23c6-4ec1-b668-a2ef75d16654/context
2021-06-21 21:56:33:611 [HTTP] {}
2021-06-21 21:56:33:612 [W3C (059cff38)] Calling AppiumDriver.getCurrentContext() with args: ["059cff38-23c6-4ec1-b668-a2ef75d16654"]
2021-06-21 21:56:33:620 [W3C (059cff38)] Responding to client with driver.getCurrentContext() result: "NATIVE_APP"
2021-06-21 21:56:33:621 [HTTP] <-- GET /wd/hub/session/059cff38-23c6-4ec1-b668-a2ef75d16654/context 200 9 ms - 22
2021-06-21 21:56:33:621 [HTTP] 
2021-06-21 21:56:33:629 [HTTP] --> POST /wd/hub/session/059cff38-23c6-4ec1-b668-a2ef75d16654/element
2021-06-21 21:56:33:629 [HTTP] {"using":"accessibility id","value":"test-Username"}
2021-06-21 21:56:33:630 [W3C (059cff38)] Calling AppiumDriver.findElement() with args: ["accessibility id","test-Username","059cff38-23c6-4ec1-b668-a2ef75d16654"]
2021-06-21 21:56:33:631 [BaseDriver] Valid locator strategies for this request: xpath, id, class name, accessibility id, css selector, -android uiautomator
2021-06-21 21:56:33:631 [BaseDriver] Waiting up to 0 ms for condition
2021-06-21 21:56:33:632 [WD Proxy] Matched '/element' to command name 'findElement'
2021-06-21 21:56:33:632 [WD Proxy] Proxying [POST /element] to [POST http://127.0.0.1:10001/wd/hub/session/dff51be2-33f9-4ee4-9367-e47fcd54ec21/element] with body: {"strategy":"accessibility id","selector":"test-Username","context":"","multiple":false}
2021-06-21 21:56:37:784 [WD Proxy] Got response with status 404: {"sessionId":"dff51be2-33f9-4ee4-9367-e47fcd54ec21","value":{"error":"no such element","message":"An element could not be located on the page using the given search parameters","stacktrace":"io.appium.uiautomator2.common.exceptions.ElementNotFoundException: An element could not be located on the page using the given search parameters\n\tat io.appium.uiautomator2.handler.FindElement.safeHandle(FindElement.java:70)\n\tat io.appium.uiautomator2.handler.request.SafeRequestHandler.handle(SafeRequestHandler.java:41)\n\tat io.appium.uiautomator2.server.AppiumServlet.handleRequest(AppiumServlet.java:261)\n\tat io.appium.uiautomator2.server.AppiumServlet.handleHttpRequest(AppiumServlet.java:255)\n\tat io.appium.uiautomator2.http.ServerHandler.channelRead(ServerHandler.java:68)\n\tat io.netty.channel.AbstractChannelHandlerContext.invokeChannelRead(AbstractChannelHandlerContext.java:366)\n\tat io.netty.channel.AbstractChannelHandlerContext.invokeChannelRead(AbstractChannelHandlerContext.java:352)\n\tat io.netty.chann...
2021-06-21 21:56:37:785 [W3C] Matched W3C error code 'no such element' to NoSuchElementError
2021-06-21 21:56:37:793 [W3C (059cff38)] Encountered internal error running command: NoSuchElementError: An element could not be located on the page using the given search parameters.
2021-06-21 21:56:37:793 [W3C (059cff38)]     at AndroidUiautomator2Driver.findElOrEls (C:\Users\Qadir\AppData\Roaming\npm\node_modules\appium\node_modules\appium-android-driver\lib\commands\find.js:75:11)
2021-06-21 21:56:37:793 [W3C (059cff38)]     at process._tickCallback (internal/process/next_tick.js:68:7)
2021-06-21 21:56:37:794 [HTTP] <-- POST /wd/hub/session/059cff38-23c6-4ec1-b668-a2ef75d16654/element 404 4165 ms - 486
2021-06-21 21:56:37:795 [HTTP] 
2021-06-21 21:56:38:339 [HTTP] --> GET /wd/hub/session/059cff38-23c6-4ec1-b668-a2ef75d16654/context
2021-06-21 21:56:38:339 [HTTP] {}
2021-06-21 21:56:38:340 [W3C (059cff38)] Calling AppiumDriver.getCurrentContext() with args: ["059cff38-23c6-4ec1-b668-a2ef75d16654"]
2021-06-21 21:56:38:341 [W3C (059cff38)] Responding to client with driver.getCurrentContext() result: "NATIVE_APP"
2021-06-21 21:56:38:341 [HTTP] <-- GET /wd/hub/session/059cff38-23c6-4ec1-b668-a2ef75d16654/context 200 2 ms - 22
2021-06-21 21:56:38:342 [HTTP] 
2021-06-21 21:56:38:354 [HTTP] --> POST /wd/hub/session/059cff38-23c6-4ec1-b668-a2ef75d16654/element
2021-06-21 21:56:38:354 [HTTP] {"using":"accessibility id","value":"test-Username"}
2021-06-21 21:56:38:354 [W3C (059cff38)] Calling AppiumDriver.findElement() with args: ["accessibility id","test-Username","059cff38-23c6-4ec1-b668-a2ef75d16654"]
2021-06-21 21:56:38:355 [BaseDriver] Valid locator strategies for this request: xpath, id, class name, accessibility id, css selector, -android uiautomator
2021-06-21 21:56:38:355 [BaseDriver] Waiting up to 0 ms for condition
2021-06-21 21:56:38:355 [WD Proxy] Matched '/element' to command name 'findElement'
2021-06-21 21:56:38:355 [WD Proxy] Proxying [POST /element] to [POST http://127.0.0.1:10001/wd/hub/session/dff51be2-33f9-4ee4-9367-e47fcd54ec21/element] with body: {"strategy":"accessibility id","selector":"test-Username","context":"","multiple":false}
2021-06-21 21:56:38:387 [WD Proxy] Got response with status 404: {"sessionId":"dff51be2-33f9-4ee4-9367-e47fcd54ec21","value":{"error":"no such element","message":"An element could not be located on the page using the given search parameters","stacktrace":"io.appium.uiautomator2.common.exceptions.ElementNotFoundException: An element could not be located on the page using the given search parameters\n\tat io.appium.uiautomator2.handler.FindElement.safeHandle(FindElement.java:70)\n\tat io.appium.uiautomator2.handler.request.SafeRequestHandler.handle(SafeRequestHandler.java:41)\n\tat io.appium.uiautomator2.server.AppiumServlet.handleRequest(AppiumServlet.java:261)\n\tat io.appium.uiautomator2.server.AppiumServlet.handleHttpRequest(AppiumServlet.java:255)\n\tat io.appium.uiautomator2.http.ServerHandler.channelRead(ServerHandler.java:68)\n\tat io.netty.channel.AbstractChannelHandlerContext.invokeChannelRead(AbstractChannelHandlerContext.java:366)\n\tat io.netty.channel.AbstractChannelHandlerContext.invokeChannelRead(AbstractChannelHandlerContext.java:352)\n\tat io.netty.chann...
2021-06-21 21:56:38:388 [W3C] Matched W3C error code 'no such element' to NoSuchElementError
2021-06-21 21:56:38:389 [W3C (059cff38)] Encountered internal error running command: NoSuchElementError: An element could not be located on the page using the given search parameters.
2021-06-21 21:56:38:389 [W3C (059cff38)]     at AndroidUiautomator2Driver.findElOrEls (C:\Users\Qadir\AppData\Roaming\npm\node_modules\appium\node_modules\appium-android-driver\lib\commands\find.js:75:11)
2021-06-21 21:56:38:390 [W3C (059cff38)]     at process._tickCallback (internal/process/next_tick.js:68:7)
2021-06-21 21:56:38:391 [HTTP] <-- POST /wd/hub/session/059cff38-23c6-4ec1-b668-a2ef75d16654/element 404 37 ms - 486
2021-06-21 21:56:38:391 [HTTP] 
2021-06-21 21:56:38:917 [HTTP] --> POST /wd/hub/session/059cff38-23c6-4ec1-b668-a2ef75d16654/element
2021-06-21 21:56:38:917 [HTTP] {"using":"accessibility id","value":"test-Username"}
2021-06-21 21:56:38:918 [W3C (059cff38)] Calling AppiumDriver.findElement() with args: ["accessibility id","test-Username","059cff38-23c6-4ec1-b668-a2ef75d16654"]
2021-06-21 21:56:38:918 [BaseDriver] Valid locator strategies for this request: xpath, id, class name, accessibility id, css selector, -android uiautomator
2021-06-21 21:56:38:918 [BaseDriver] Waiting up to 0 ms for condition
2021-06-21 21:56:38:920 [WD Proxy] Matched '/element' to command name 'findElement'
2021-06-21 21:56:38:923 [WD Proxy] Proxying [POST /element] to [POST http://127.0.0.1:10001/wd/hub/session/dff51be2-33f9-4ee4-9367-e47fcd54ec21/element] with body: {"strategy":"accessibility id","selector":"test-Username","context":"","multiple":false}
2021-06-21 21:56:38:946 [WD Proxy] Got response with status 404: {"sessionId":"dff51be2-33f9-4ee4-9367-e47fcd54ec21","value":{"error":"no such element","message":"An element could not be located on the page using the given search parameters","stacktrace":"io.appium.uiautomator2.common.exceptions.ElementNotFoundException: An element could not be located on the page using the given search parameters\n\tat io.appium.uiautomator2.handler.FindElement.safeHandle(FindElement.java:70)\n\tat io.appium.uiautomator2.handler.request.SafeRequestHandler.handle(SafeRequestHandler.java:41)\n\tat io.appium.uiautomator2.server.AppiumServlet.handleRequest(AppiumServlet.java:261)\n\tat io.appium.uiautomator2.server.AppiumServlet.handleHttpRequest(AppiumServlet.java:255)\n\tat io.appium.uiautomator2.http.ServerHandler.channelRead(ServerHandler.java:68)\n\tat io.netty.channel.AbstractChannelHandlerContext.invokeChannelRead(AbstractChannelHandlerContext.java:366)\n\tat io.netty.channel.AbstractChannelHandlerContext.invokeChannelRead(AbstractChannelHandlerContext.java:352)\n\tat io.netty.chann...
2021-06-21 21:56:38:947 [W3C] Matched W3C error code 'no such element' to NoSuchElementError
2021-06-21 21:56:38:948 [W3C (059cff38)] Encountered internal error running command: NoSuchElementError: An element could not be located on the page using the given search parameters.
2021-06-21 21:56:38:949 [W3C (059cff38)]     at AndroidUiautomator2Driver.findElOrEls (C:\Users\Qadir\AppData\Roaming\npm\node_modules\appium\node_modules\appium-android-driver\lib\commands\find.js:75:11)
2021-06-21 21:56:38:949 [W3C (059cff38)]     at process._tickCallback (internal/process/next_tick.js:68:7)
2021-06-21 21:56:38:954 [HTTP] <-- POST /wd/hub/session/059cff38-23c6-4ec1-b668-a2ef75d16654/element 404 36 ms - 486
2021-06-21 21:56:38:956 [HTTP] 
2021-06-21 21:56:39:473 [HTTP] --> POST /wd/hub/session/059cff38-23c6-4ec1-b668-a2ef75d16654/element
2021-06-21 21:56:39:473 [HTTP] {"using":"accessibility id","value":"test-Username"}
2021-06-21 21:56:39:474 [W3C (059cff38)] Calling AppiumDriver.findElement() with args: ["accessibility id","test-Username","059cff38-23c6-4ec1-b668-a2ef75d16654"]
2021-06-21 21:56:39:474 [BaseDriver] Valid locator strategies for this request: xpath, id, class name, accessibility id, css selector, -android uiautomator
2021-06-21 21:56:39:474 [BaseDriver] Waiting up to 0 ms for condition
2021-06-21 21:56:39:475 [WD Proxy] Matched '/element' to command name 'findElement'
2021-06-21 21:56:39:475 [WD Proxy] Proxying [POST /element] to [POST http://127.0.0.1:10001/wd/hub/session/dff51be2-33f9-4ee4-9367-e47fcd54ec21/element] with body: {"strategy":"accessibility id","selector":"test-Username","context":"","multiple":false}
2021-06-21 21:56:39:493 [WD Proxy] Got response with status 404: {"sessionId":"dff51be2-33f9-4ee4-9367-e47fcd54ec21","value":{"error":"no such element","message":"An element could not be located on the page using the given search parameters","stacktrace":"io.appium.uiautomator2.common.exceptions.ElementNotFoundException: An element could not be located on the page using the given search parameters\n\tat io.appium.uiautomator2.handler.FindElement.safeHandle(FindElement.java:70)\n\tat io.appium.uiautomator2.handler.request.SafeRequestHandler.handle(SafeRequestHandler.java:41)\n\tat io.appium.uiautomator2.server.AppiumServlet.handleRequest(AppiumServlet.java:261)\n\tat io.appium.uiautomator2.server.AppiumServlet.handleHttpRequest(AppiumServlet.java:255)\n\tat io.appium.uiautomator2.http.ServerHandler.channelRead(ServerHandler.java:68)\n\tat io.netty.channel.AbstractChannelHandlerContext.invokeChannelRead(AbstractChannelHandlerContext.java:366)\n\tat io.netty.channel.AbstractChannelHandlerContext.invokeChannelRead(AbstractChannelHandlerContext.java:352)\n\tat io.netty.chann...
2021-06-21 21:56:39:493 [W3C] Matched W3C error code 'no such element' to NoSuchElementError
2021-06-21 21:56:39:495 [W3C (059cff38)] Encountered internal error running command: NoSuchElementError: An element could not be located on the page using the given search parameters.
2021-06-21 21:56:39:495 [W3C (059cff38)]     at AndroidUiautomator2Driver.findElOrEls (C:\Users\Qadir\AppData\Roaming\npm\node_modules\appium\node_modules\appium-android-driver\lib\commands\find.js:75:11)
2021-06-21 21:56:39:495 [W3C (059cff38)]     at process._tickCallback (internal/process/next_tick.js:68:7)
2021-06-21 21:56:39:496 [HTTP] <-- POST /wd/hub/session/059cff38-23c6-4ec1-b668-a2ef75d16654/element 404 22 ms - 486
2021-06-21 21:56:39:496 [HTTP] 
2021-06-21 21:56:40:027 [HTTP] --> POST /wd/hub/session/059cff38-23c6-4ec1-b668-a2ef75d16654/element
2021-06-21 21:56:40:027 [HTTP] {"using":"accessibility id","value":"test-Username"}
2021-06-21 21:56:40:027 [W3C (059cff38)] Calling AppiumDriver.findElement() with args: ["accessibility id","test-Username","059cff38-23c6-4ec1-b668-a2ef75d16654"]
2021-06-21 21:56:40:028 [BaseDriver] Valid locator strategies for this request: xpath, id, class name, accessibility id, css selector, -android uiautomator
2021-06-21 21:56:40:028 [BaseDriver] Waiting up to 0 ms for condition
2021-06-21 21:56:40:028 [WD Proxy] Matched '/element' to command name 'findElement'
2021-06-21 21:56:40:029 [WD Proxy] Proxying [POST /element] to [POST http://127.0.0.1:10001/wd/hub/session/dff51be2-33f9-4ee4-9367-e47fcd54ec21/element] with body: {"strategy":"accessibility id","selector":"test-Username","context":"","multiple":false}
2021-06-21 21:56:40:155 [WD Proxy] Got response with status 404: {"sessionId":"dff51be2-33f9-4ee4-9367-e47fcd54ec21","value":{"error":"no such element","message":"An element could not be located on the page using the given search parameters","stacktrace":"io.appium.uiautomator2.common.exceptions.ElementNotFoundException: An element could not be located on the page using the given search parameters\n\tat io.appium.uiautomator2.handler.FindElement.safeHandle(FindElement.java:70)\n\tat io.appium.uiautomator2.handler.request.SafeRequestHandler.handle(SafeRequestHandler.java:41)\n\tat io.appium.uiautomator2.server.AppiumServlet.handleRequest(AppiumServlet.java:261)\n\tat io.appium.uiautomator2.server.AppiumServlet.handleHttpRequest(AppiumServlet.java:255)\n\tat io.appium.uiautomator2.http.ServerHandler.channelRead(ServerHandler.java:68)\n\tat io.netty.channel.AbstractChannelHandlerContext.invokeChannelRead(AbstractChannelHandlerContext.java:366)\n\tat io.netty.channel.AbstractChannelHandlerContext.invokeChannelRead(AbstractChannelHandlerContext.java:352)\n\tat io.netty.chann...
2021-06-21 21:56:40:155 [W3C] Matched W3C error code 'no such element' to NoSuchElementError
2021-06-21 21:56:40:157 [W3C (059cff38)] Encountered internal error running command: NoSuchElementError: An element could not be located on the page using the given search parameters.
2021-06-21 21:56:40:158 [W3C (059cff38)]     at AndroidUiautomator2Driver.findElOrEls (C:\Users\Qadir\AppData\Roaming\npm\node_modules\appium\node_modules\appium-android-driver\lib\commands\find.js:75:11)
2021-06-21 21:56:40:158 [W3C (059cff38)]     at process._tickCallback (internal/process/next_tick.js:68:7)
2021-06-21 21:56:40:162 [HTTP] <-- POST /wd/hub/session/059cff38-23c6-4ec1-b668-a2ef75d16654/element 404 132 ms - 486
2021-06-21 21:56:40:163 [HTTP] 
2021-06-21 21:56:40:675 [HTTP] --> GET /wd/hub/session/059cff38-23c6-4ec1-b668-a2ef75d16654/context
2021-06-21 21:56:40:675 [HTTP] {}
2021-06-21 21:56:40:675 [W3C (059cff38)] Calling AppiumDriver.getCurrentContext() with args: ["059cff38-23c6-4ec1-b668-a2ef75d16654"]
2021-06-21 21:56:40:676 [W3C (059cff38)] Responding to client with driver.getCurrentContext() result: "NATIVE_APP"
2021-06-21 21:56:40:676 [HTTP] <-- GET /wd/hub/session/059cff38-23c6-4ec1-b668-a2ef75d16654/context 200 1 ms - 22
2021-06-21 21:56:40:676 [HTTP] 
2021-06-21 21:56:40:690 [HTTP] --> POST /wd/hub/session/059cff38-23c6-4ec1-b668-a2ef75d16654/element
2021-06-21 21:56:40:690 [HTTP] {"using":"accessibility id","value":"test-Username"}
2021-06-21 21:56:40:690 [W3C (059cff38)] Calling AppiumDriver.findElement() with args: ["accessibility id","test-Username","059cff38-23c6-4ec1-b668-a2ef75d16654"]
2021-06-21 21:56:40:690 [BaseDriver] Valid locator strategies for this request: xpath, id, class name, accessibility id, css selector, -android uiautomator
2021-06-21 21:56:40:690 [BaseDriver] Waiting up to 0 ms for condition
2021-06-21 21:56:40:691 [WD Proxy] Matched '/element' to command name 'findElement'
2021-06-21 21:56:40:691 [WD Proxy] Proxying [POST /element] to [POST http://127.0.0.1:10001/wd/hub/session/dff51be2-33f9-4ee4-9367-e47fcd54ec21/element] with body: {"strategy":"accessibility id","selector":"test-Username","context":"","multiple":false}
2021-06-21 21:56:41:265 [WD Proxy] Got response with status 200: {"sessionId":"dff51be2-33f9-4ee4-9367-e47fcd54ec21","value":{"ELEMENT":"1508905c-66f5-412a-8bcb-a742cb485c16","element-6066-11e4-a52e-4f735466cecf":"1508905c-66f5-412a-8bcb-a742cb485c16"}}
2021-06-21 21:56:41:266 [W3C (059cff38)] Responding to client with driver.findElement() result: {"element-6066-11e4-a52e-4f735466cecf":"1508905c-66f5-412a-8bcb-a742cb485c16","ELEMENT":"1508905c-66f5-412a-8bcb-a742cb485c16"}
2021-06-21 21:56:41:267 [HTTP] <-- POST /wd/hub/session/059cff38-23c6-4ec1-b668-a2ef75d16654/element 200 577 ms - 137
2021-06-21 21:56:41:267 [HTTP] 
2021-06-21 21:56:41:269 [HTTP] --> GET /wd/hub/session/059cff38-23c6-4ec1-b668-a2ef75d16654/element/1508905c-66f5-412a-8bcb-a742cb485c16/displayed
2021-06-21 21:56:41:269 [HTTP] {}
2021-06-21 21:56:41:270 [W3C (059cff38)] Calling AppiumDriver.elementDisplayed() with args: ["1508905c-66f5-412a-8bcb-a742cb485c16","059cff38-23c6-4ec1-b668-a2ef75d16654"]
2021-06-21 21:56:41:271 [WD Proxy] Matched '/element/1508905c-66f5-412a-8bcb-a742cb485c16/attribute/displayed' to command name 'getAttribute'
2021-06-21 21:56:41:272 [WD Proxy] Proxying [GET /element/1508905c-66f5-412a-8bcb-a742cb485c16/attribute/displayed] to [GET http://127.0.0.1:10001/wd/hub/session/dff51be2-33f9-4ee4-9367-e47fcd54ec21/element/1508905c-66f5-412a-8bcb-a742cb485c16/attribute/displayed] with no body
2021-06-21 21:56:41:292 [WD Proxy] Got response with status 200: {"sessionId":"dff51be2-33f9-4ee4-9367-e47fcd54ec21","value":"true"}
2021-06-21 21:56:41:293 [W3C (059cff38)] Responding to client with driver.elementDisplayed() result: true
2021-06-21 21:56:41:293 [HTTP] <-- GET /wd/hub/session/059cff38-23c6-4ec1-b668-a2ef75d16654/element/1508905c-66f5-412a-8bcb-a742cb485c16/displayed 200 24 ms - 14
2021-06-21 21:56:41:293 [HTTP] 
2021-06-21 21:56:41:296 [HTTP] --> GET /wd/hub/session/059cff38-23c6-4ec1-b668-a2ef75d16654/context
2021-06-21 21:56:41:296 [HTTP] {}
2021-06-21 21:56:41:296 [W3C (059cff38)] Calling AppiumDriver.getCurrentContext() with args: ["059cff38-23c6-4ec1-b668-a2ef75d16654"]
2021-06-21 21:56:41:297 [W3C (059cff38)] Responding to client with driver.getCurrentContext() result: "NATIVE_APP"
2021-06-21 21:56:41:298 [HTTP] <-- GET /wd/hub/session/059cff38-23c6-4ec1-b668-a2ef75d16654/context 200 2 ms - 22
2021-06-21 21:56:41:298 [HTTP] 
2021-06-21 21:56:41:307 [HTTP] --> POST /wd/hub/session/059cff38-23c6-4ec1-b668-a2ef75d16654/element
2021-06-21 21:56:41:307 [HTTP] {"using":"accessibility id","value":"test-Username"}
2021-06-21 21:56:41:308 [W3C (059cff38)] Calling AppiumDriver.findElement() with args: ["accessibility id","test-Username","059cff38-23c6-4ec1-b668-a2ef75d16654"]
2021-06-21 21:56:41:309 [BaseDriver] Valid locator strategies for this request: xpath, id, class name, accessibility id, css selector, -android uiautomator
2021-06-21 21:56:41:309 [BaseDriver] Waiting up to 0 ms for condition
2021-06-21 21:56:41:309 [WD Proxy] Matched '/element' to command name 'findElement'
2021-06-21 21:56:41:309 [WD Proxy] Proxying [POST /element] to [POST http://127.0.0.1:10001/wd/hub/session/dff51be2-33f9-4ee4-9367-e47fcd54ec21/element] with body: {"strategy":"accessibility id","selector":"test-Username","context":"","multiple":false}
2021-06-21 21:56:41:350 [WD Proxy] Got response with status 200: {"sessionId":"dff51be2-33f9-4ee4-9367-e47fcd54ec21","value":{"ELEMENT":"dbf6ffc6-bc53-4f5c-8195-5ee54799da25","element-6066-11e4-a52e-4f735466cecf":"dbf6ffc6-bc53-4f5c-8195-5ee54799da25"}}
2021-06-21 21:56:41:351 [W3C (059cff38)] Responding to client with driver.findElement() result: {"element-6066-11e4-a52e-4f735466cecf":"dbf6ffc6-bc53-4f5c-8195-5ee54799da25","ELEMENT":"dbf6ffc6-bc53-4f5c-8195-5ee54799da25"}
2021-06-21 21:56:41:351 [HTTP] <-- POST /wd/hub/session/059cff38-23c6-4ec1-b668-a2ef75d16654/element 200 44 ms - 137
2021-06-21 21:56:41:351 [HTTP] 
2021-06-21 21:56:41:369 [HTTP] --> POST /wd/hub/session/059cff38-23c6-4ec1-b668-a2ef75d16654/element/dbf6ffc6-bc53-4f5c-8195-5ee54799da25/clear
2021-06-21 21:56:41:370 [HTTP] {"id":"dbf6ffc6-bc53-4f5c-8195-5ee54799da25"}
2021-06-21 21:56:41:370 [W3C (059cff38)] Calling AppiumDriver.clear() with args: ["dbf6ffc6-bc53-4f5c-8195-5ee54799da25","059cff38-23c6-4ec1-b668-a2ef75d16654"]
2021-06-21 21:56:41:373 [WD Proxy] Matched '/element/dbf6ffc6-bc53-4f5c-8195-5ee54799da25/clear' to command name 'clear'
2021-06-21 21:56:41:374 [WD Proxy] Proxying [POST /element/dbf6ffc6-bc53-4f5c-8195-5ee54799da25/clear] to [POST http://127.0.0.1:10001/wd/hub/session/dff51be2-33f9-4ee4-9367-e47fcd54ec21/element/dbf6ffc6-bc53-4f5c-8195-5ee54799da25/clear] with body: {"elementId":"dbf6ffc6-bc53-4f5c-8195-5ee54799da25"}
2021-06-21 21:56:41:398 [WD Proxy] Got response with status 200: {"sessionId":"dff51be2-33f9-4ee4-9367-e47fcd54ec21","value":null}
2021-06-21 21:56:41:398 [W3C (059cff38)] Responding to client with driver.clear() result: null
2021-06-21 21:56:41:400 [HTTP] <-- POST /wd/hub/session/059cff38-23c6-4ec1-b668-a2ef75d16654/element/dbf6ffc6-bc53-4f5c-8195-5ee54799da25/clear 200 29 ms - 14
2021-06-21 21:56:41:400 [HTTP] 
2021-06-21 21:56:41:402 [HTTP] --> GET /wd/hub/session/059cff38-23c6-4ec1-b668-a2ef75d16654/context
2021-06-21 21:56:41:403 [HTTP] {}
2021-06-21 21:56:41:403 [W3C (059cff38)] Calling AppiumDriver.getCurrentContext() with args: ["059cff38-23c6-4ec1-b668-a2ef75d16654"]
2021-06-21 21:56:41:404 [W3C (059cff38)] Responding to client with driver.getCurrentContext() result: "NATIVE_APP"
2021-06-21 21:56:41:406 [HTTP] <-- GET /wd/hub/session/059cff38-23c6-4ec1-b668-a2ef75d16654/context 200 3 ms - 22
2021-06-21 21:56:41:407 [HTTP] 
2021-06-21 21:56:41:416 [HTTP] --> POST /wd/hub/session/059cff38-23c6-4ec1-b668-a2ef75d16654/element
2021-06-21 21:56:41:417 [HTTP] {"using":"accessibility id","value":"test-Username"}
2021-06-21 21:56:41:417 [W3C (059cff38)] Calling AppiumDriver.findElement() with args: ["accessibility id","test-Username","059cff38-23c6-4ec1-b668-a2ef75d16654"]
2021-06-21 21:56:41:417 [BaseDriver] Valid locator strategies for this request: xpath, id, class name, accessibility id, css selector, -android uiautomator
2021-06-21 21:56:41:417 [BaseDriver] Waiting up to 0 ms for condition
2021-06-21 21:56:41:418 [WD Proxy] Matched '/element' to command name 'findElement'
2021-06-21 21:56:41:418 [WD Proxy] Proxying [POST /element] to [POST http://127.0.0.1:10001/wd/hub/session/dff51be2-33f9-4ee4-9367-e47fcd54ec21/element] with body: {"strategy":"accessibility id","selector":"test-Username","context":"","multiple":false}
2021-06-21 21:56:41:925 [WD Proxy] Got response with status 200: {"sessionId":"dff51be2-33f9-4ee4-9367-e47fcd54ec21","value":{"ELEMENT":"a03e8981-7dc4-4066-8bb9-04006a5286c5","element-6066-11e4-a52e-4f735466cecf":"a03e8981-7dc4-4066-8bb9-04006a5286c5"}}
2021-06-21 21:56:41:926 [W3C (059cff38)] Responding to client with driver.findElement() result: {"element-6066-11e4-a52e-4f735466cecf":"a03e8981-7dc4-4066-8bb9-04006a5286c5","ELEMENT":"a03e8981-7dc4-4066-8bb9-04006a5286c5"}
2021-06-21 21:56:41:927 [HTTP] <-- POST /wd/hub/session/059cff38-23c6-4ec1-b668-a2ef75d16654/element 200 510 ms - 137
2021-06-21 21:56:41:928 [HTTP] 
2021-06-21 21:56:41:929 [HTTP] --> GET /wd/hub/session/059cff38-23c6-4ec1-b668-a2ef75d16654/element/a03e8981-7dc4-4066-8bb9-04006a5286c5/displayed
2021-06-21 21:56:41:929 [HTTP] {}
2021-06-21 21:56:41:930 [W3C (059cff38)] Calling AppiumDriver.elementDisplayed() with args: ["a03e8981-7dc4-4066-8bb9-04006a5286c5","059cff38-23c6-4ec1-b668-a2ef75d16654"]
2021-06-21 21:56:41:931 [WD Proxy] Matched '/element/a03e8981-7dc4-4066-8bb9-04006a5286c5/attribute/displayed' to command name 'getAttribute'
2021-06-21 21:56:41:932 [WD Proxy] Proxying [GET /element/a03e8981-7dc4-4066-8bb9-04006a5286c5/attribute/displayed] to [GET http://127.0.0.1:10001/wd/hub/session/dff51be2-33f9-4ee4-9367-e47fcd54ec21/element/a03e8981-7dc4-4066-8bb9-04006a5286c5/attribute/displayed] with no body
2021-06-21 21:56:41:968 [WD Proxy] Got response with status 200: {"sessionId":"dff51be2-33f9-4ee4-9367-e47fcd54ec21","value":"true"}
2021-06-21 21:56:41:968 [W3C (059cff38)] Responding to client with driver.elementDisplayed() result: true
2021-06-21 21:56:41:969 [HTTP] <-- GET /wd/hub/session/059cff38-23c6-4ec1-b668-a2ef75d16654/element/a03e8981-7dc4-4066-8bb9-04006a5286c5/displayed 200 40 ms - 14
2021-06-21 21:56:41:969 [HTTP] 
2021-06-21 21:56:41:978 [HTTP] --> GET /wd/hub/session/059cff38-23c6-4ec1-b668-a2ef75d16654/context
2021-06-21 21:56:41:978 [HTTP] {}
2021-06-21 21:56:41:979 [W3C (059cff38)] Calling AppiumDriver.getCurrentContext() with args: ["059cff38-23c6-4ec1-b668-a2ef75d16654"]
2021-06-21 21:56:41:979 [W3C (059cff38)] Responding to client with driver.getCurrentContext() result: "NATIVE_APP"
2021-06-21 21:56:41:981 [HTTP] <-- GET /wd/hub/session/059cff38-23c6-4ec1-b668-a2ef75d16654/context 200 1 ms - 22
2021-06-21 21:56:41:981 [HTTP] 
2021-06-21 21:56:41:997 [HTTP] --> POST /wd/hub/session/059cff38-23c6-4ec1-b668-a2ef75d16654/element
2021-06-21 21:56:41:997 [HTTP] {"using":"accessibility id","value":"test-Username"}
2021-06-21 21:56:41:997 [W3C (059cff38)] Calling AppiumDriver.findElement() with args: ["accessibility id","test-Username","059cff38-23c6-4ec1-b668-a2ef75d16654"]
2021-06-21 21:56:41:998 [BaseDriver] Valid locator strategies for this request: xpath, id, class name, accessibility id, css selector, -android uiautomator
2021-06-21 21:56:41:998 [BaseDriver] Waiting up to 0 ms for condition
2021-06-21 21:56:41:998 [WD Proxy] Matched '/element' to command name 'findElement'
2021-06-21 21:56:42:002 [WD Proxy] Proxying [POST /element] to [POST http://127.0.0.1:10001/wd/hub/session/dff51be2-33f9-4ee4-9367-e47fcd54ec21/element] with body: {"strategy":"accessibility id","selector":"test-Username","context":"","multiple":false}
2021-06-21 21:56:42:024 [WD Proxy] Got response with status 200: {"sessionId":"dff51be2-33f9-4ee4-9367-e47fcd54ec21","value":{"ELEMENT":"0a1f3270-c2c6-4cbc-9a91-d6b6798c1867","element-6066-11e4-a52e-4f735466cecf":"0a1f3270-c2c6-4cbc-9a91-d6b6798c1867"}}
2021-06-21 21:56:42:024 [W3C (059cff38)] Responding to client with driver.findElement() result: {"element-6066-11e4-a52e-4f735466cecf":"0a1f3270-c2c6-4cbc-9a91-d6b6798c1867","ELEMENT":"0a1f3270-c2c6-4cbc-9a91-d6b6798c1867"}
2021-06-21 21:56:42:025 [HTTP] <-- POST /wd/hub/session/059cff38-23c6-4ec1-b668-a2ef75d16654/element 200 28 ms - 137
2021-06-21 21:56:42:025 [HTTP] 
2021-06-21 21:56:42:044 [HTTP] --> POST /wd/hub/session/059cff38-23c6-4ec1-b668-a2ef75d16654/element/0a1f3270-c2c6-4cbc-9a91-d6b6798c1867/value
2021-06-21 21:56:42:044 [HTTP] {"id":"0a1f3270-c2c6-4cbc-9a91-d6b6798c1867","text":"InvalidUserName","value":["I","n","v","a","l","i","d","U","s","e","r","N","a","m","e"]}
2021-06-21 21:56:42:045 [W3C (059cff38)] Calling AppiumDriver.setValue() with args: [["I","n","v","a","l","i","d","U","s","e","r","N","a","m","e"],"0a1f3270-c2c6-4cbc-9a91-d6b6798c1867","059cff38-23c6-4ec1-b668-a2ef75d16654"]
2021-06-21 21:56:42:046 [WD Proxy] Matched '/element/0a1f3270-c2c6-4cbc-9a91-d6b6798c1867/value' to command name 'setValue'
2021-06-21 21:56:42:046 [Protocol Converter] Added 'value' property ["I","n","v","a","l","i","d","U","s","e","r","N","a","m","e"] to 'setValue' request body
2021-06-21 21:56:42:047 [WD Proxy] Proxying [POST /element/0a1f3270-c2c6-4cbc-9a91-d6b6798c1867/value] to [POST http://127.0.0.1:10001/wd/hub/session/dff51be2-33f9-4ee4-9367-e47fcd54ec21/element/0a1f3270-c2c6-4cbc-9a91-d6b6798c1867/value] with body: {"elementId":"0a1f3270-c2c6-4cbc-9a91-d6b6798c1867","text":"InvalidUserName","replace":false,"value":["I","n","v","a","l","i","d","U","s","e","r","N","a","m","e"]}
2021-06-21 21:56:42:099 [WD Proxy] Got response with status 200: {"sessionId":"dff51be2-33f9-4ee4-9367-e47fcd54ec21","value":null}
2021-06-21 21:56:42:100 [W3C (059cff38)] Responding to client with driver.setValue() result: null
2021-06-21 21:56:42:102 [HTTP] <-- POST /wd/hub/session/059cff38-23c6-4ec1-b668-a2ef75d16654/element/0a1f3270-c2c6-4cbc-9a91-d6b6798c1867/value 200 58 ms - 14
2021-06-21 21:56:42:102 [HTTP] 
2021-06-21 21:56:42:110 [HTTP] --> GET /wd/hub/session/059cff38-23c6-4ec1-b668-a2ef75d16654/context
2021-06-21 21:56:42:110 [HTTP] {}
2021-06-21 21:56:42:110 [W3C (059cff38)] Calling AppiumDriver.getCurrentContext() with args: ["059cff38-23c6-4ec1-b668-a2ef75d16654"]
2021-06-21 21:56:42:111 [W3C (059cff38)] Responding to client with driver.getCurrentContext() result: "NATIVE_APP"
2021-06-21 21:56:42:112 [HTTP] <-- GET /wd/hub/session/059cff38-23c6-4ec1-b668-a2ef75d16654/context 200 2 ms - 22
2021-06-21 21:56:42:112 [HTTP] 
2021-06-21 21:56:42:124 [HTTP] --> POST /wd/hub/session/059cff38-23c6-4ec1-b668-a2ef75d16654/element
2021-06-21 21:56:42:126 [HTTP] {"using":"accessibility id","value":"test-Password"}
2021-06-21 21:56:42:126 [W3C (059cff38)] Calling AppiumDriver.findElement() with args: ["accessibility id","test-Password","059cff38-23c6-4ec1-b668-a2ef75d16654"]
2021-06-21 21:56:42:127 [BaseDriver] Valid locator strategies for this request: xpath, id, class name, accessibility id, css selector, -android uiautomator
2021-06-21 21:56:42:127 [BaseDriver] Waiting up to 0 ms for condition
2021-06-21 21:56:42:128 [WD Proxy] Matched '/element' to command name 'findElement'
2021-06-21 21:56:42:128 [WD Proxy] Proxying [POST /element] to [POST http://127.0.0.1:10001/wd/hub/session/dff51be2-33f9-4ee4-9367-e47fcd54ec21/element] with body: {"strategy":"accessibility id","selector":"test-Password","context":"","multiple":false}
2021-06-21 21:56:42:607 [WD Proxy] Got response with status 200: {"sessionId":"dff51be2-33f9-4ee4-9367-e47fcd54ec21","value":{"ELEMENT":"aba351d4-cf8f-4a47-9f3d-749e3ce9faca","element-6066-11e4-a52e-4f735466cecf":"aba351d4-cf8f-4a47-9f3d-749e3ce9faca"}}
2021-06-21 21:56:42:608 [W3C (059cff38)] Responding to client with driver.findElement() result: {"element-6066-11e4-a52e-4f735466cecf":"aba351d4-cf8f-4a47-9f3d-749e3ce9faca","ELEMENT":"aba351d4-cf8f-4a47-9f3d-749e3ce9faca"}
2021-06-21 21:56:42:609 [HTTP] <-- POST /wd/hub/session/059cff38-23c6-4ec1-b668-a2ef75d16654/element 200 485 ms - 137
2021-06-21 21:56:42:609 [HTTP] 
2021-06-21 21:56:42:612 [HTTP] --> GET /wd/hub/session/059cff38-23c6-4ec1-b668-a2ef75d16654/element/aba351d4-cf8f-4a47-9f3d-749e3ce9faca/displayed
2021-06-21 21:56:42:612 [HTTP] {}
2021-06-21 21:56:42:613 [W3C (059cff38)] Calling AppiumDriver.elementDisplayed() with args: ["aba351d4-cf8f-4a47-9f3d-749e3ce9faca","059cff38-23c6-4ec1-b668-a2ef75d16654"]
2021-06-21 21:56:42:614 [WD Proxy] Matched '/element/aba351d4-cf8f-4a47-9f3d-749e3ce9faca/attribute/displayed' to command name 'getAttribute'
2021-06-21 21:56:42:615 [WD Proxy] Proxying [GET /element/aba351d4-cf8f-4a47-9f3d-749e3ce9faca/attribute/displayed] to [GET http://127.0.0.1:10001/wd/hub/session/dff51be2-33f9-4ee4-9367-e47fcd54ec21/element/aba351d4-cf8f-4a47-9f3d-749e3ce9faca/attribute/displayed] with no body
2021-06-21 21:56:42:631 [WD Proxy] Got response with status 200: {"sessionId":"dff51be2-33f9-4ee4-9367-e47fcd54ec21","value":"true"}
2021-06-21 21:56:42:631 [W3C (059cff38)] Responding to client with driver.elementDisplayed() result: true
2021-06-21 21:56:42:632 [HTTP] <-- GET /wd/hub/session/059cff38-23c6-4ec1-b668-a2ef75d16654/element/aba351d4-cf8f-4a47-9f3d-749e3ce9faca/displayed 200 20 ms - 14
2021-06-21 21:56:42:632 [HTTP] 
2021-06-21 21:56:42:634 [HTTP] --> GET /wd/hub/session/059cff38-23c6-4ec1-b668-a2ef75d16654/context
2021-06-21 21:56:42:635 [HTTP] {}
2021-06-21 21:56:42:635 [W3C (059cff38)] Calling AppiumDriver.getCurrentContext() with args: ["059cff38-23c6-4ec1-b668-a2ef75d16654"]
2021-06-21 21:56:42:636 [W3C (059cff38)] Responding to client with driver.getCurrentContext() result: "NATIVE_APP"
2021-06-21 21:56:42:637 [HTTP] <-- GET /wd/hub/session/059cff38-23c6-4ec1-b668-a2ef75d16654/context 200 2 ms - 22
2021-06-21 21:56:42:638 [HTTP] 
2021-06-21 21:56:42:646 [HTTP] --> POST /wd/hub/session/059cff38-23c6-4ec1-b668-a2ef75d16654/element
2021-06-21 21:56:42:646 [HTTP] {"using":"accessibility id","value":"test-Password"}
2021-06-21 21:56:42:646 [W3C (059cff38)] Calling AppiumDriver.findElement() with args: ["accessibility id","test-Password","059cff38-23c6-4ec1-b668-a2ef75d16654"]
2021-06-21 21:56:42:647 [BaseDriver] Valid locator strategies for this request: xpath, id, class name, accessibility id, css selector, -android uiautomator
2021-06-21 21:56:42:647 [BaseDriver] Waiting up to 0 ms for condition
2021-06-21 21:56:42:648 [WD Proxy] Matched '/element' to command name 'findElement'
2021-06-21 21:56:42:648 [WD Proxy] Proxying [POST /element] to [POST http://127.0.0.1:10001/wd/hub/session/dff51be2-33f9-4ee4-9367-e47fcd54ec21/element] with body: {"strategy":"accessibility id","selector":"test-Password","context":"","multiple":false}
2021-06-21 21:56:42:672 [WD Proxy] Got response with status 200: {"sessionId":"dff51be2-33f9-4ee4-9367-e47fcd54ec21","value":{"ELEMENT":"114fd106-e887-4e3c-9698-1df079a97a46","element-6066-11e4-a52e-4f735466cecf":"114fd106-e887-4e3c-9698-1df079a97a46"}}
2021-06-21 21:56:42:672 [W3C (059cff38)] Responding to client with driver.findElement() result: {"element-6066-11e4-a52e-4f735466cecf":"114fd106-e887-4e3c-9698-1df079a97a46","ELEMENT":"114fd106-e887-4e3c-9698-1df079a97a46"}
2021-06-21 21:56:42:673 [HTTP] <-- POST /wd/hub/session/059cff38-23c6-4ec1-b668-a2ef75d16654/element 200 27 ms - 137
2021-06-21 21:56:42:673 [HTTP] 
2021-06-21 21:56:42:693 [HTTP] --> POST /wd/hub/session/059cff38-23c6-4ec1-b668-a2ef75d16654/element/114fd106-e887-4e3c-9698-1df079a97a46/clear
2021-06-21 21:56:42:694 [HTTP] {"id":"114fd106-e887-4e3c-9698-1df079a97a46"}
2021-06-21 21:56:42:694 [W3C (059cff38)] Calling AppiumDriver.clear() with args: ["114fd106-e887-4e3c-9698-1df079a97a46","059cff38-23c6-4ec1-b668-a2ef75d16654"]
2021-06-21 21:56:42:695 [WD Proxy] Matched '/element/114fd106-e887-4e3c-9698-1df079a97a46/clear' to command name 'clear'
2021-06-21 21:56:42:695 [WD Proxy] Proxying [POST /element/114fd106-e887-4e3c-9698-1df079a97a46/clear] to [POST http://127.0.0.1:10001/wd/hub/session/dff51be2-33f9-4ee4-9367-e47fcd54ec21/element/114fd106-e887-4e3c-9698-1df079a97a46/clear] with body: {"elementId":"114fd106-e887-4e3c-9698-1df079a97a46"}
2021-06-21 21:56:42:717 [WD Proxy] Got response with status 200: {"sessionId":"dff51be2-33f9-4ee4-9367-e47fcd54ec21","value":null}
2021-06-21 21:56:42:717 [W3C (059cff38)] Responding to client with driver.clear() result: null
2021-06-21 21:56:42:718 [HTTP] <-- POST /wd/hub/session/059cff38-23c6-4ec1-b668-a2ef75d16654/element/114fd106-e887-4e3c-9698-1df079a97a46/clear 200 24 ms - 14
2021-06-21 21:56:42:718 [HTTP] 
2021-06-21 21:56:42:720 [HTTP] --> GET /wd/hub/session/059cff38-23c6-4ec1-b668-a2ef75d16654/context
2021-06-21 21:56:42:720 [HTTP] {}
2021-06-21 21:56:42:721 [W3C (059cff38)] Calling AppiumDriver.getCurrentContext() with args: ["059cff38-23c6-4ec1-b668-a2ef75d16654"]
2021-06-21 21:56:42:722 [W3C (059cff38)] Responding to client with driver.getCurrentContext() result: "NATIVE_APP"
2021-06-21 21:56:42:723 [HTTP] <-- GET /wd/hub/session/059cff38-23c6-4ec1-b668-a2ef75d16654/context 200 2 ms - 22
2021-06-21 21:56:42:724 [HTTP] 
2021-06-21 21:56:42:726 [HTTP] --> POST /wd/hub/session/059cff38-23c6-4ec1-b668-a2ef75d16654/element
2021-06-21 21:56:42:727 [HTTP] {"using":"accessibility id","value":"test-Password"}
2021-06-21 21:56:42:727 [W3C (059cff38)] Calling AppiumDriver.findElement() with args: ["accessibility id","test-Password","059cff38-23c6-4ec1-b668-a2ef75d16654"]
2021-06-21 21:56:42:728 [BaseDriver] Valid locator strategies for this request: xpath, id, class name, accessibility id, css selector, -android uiautomator
2021-06-21 21:56:42:728 [BaseDriver] Waiting up to 0 ms for condition
2021-06-21 21:56:42:728 [WD Proxy] Matched '/element' to command name 'findElement'
2021-06-21 21:56:42:728 [WD Proxy] Proxying [POST /element] to [POST http://127.0.0.1:10001/wd/hub/session/dff51be2-33f9-4ee4-9367-e47fcd54ec21/element] with body: {"strategy":"accessibility id","selector":"test-Password","context":"","multiple":false}
2021-06-21 21:56:43:224 [WD Proxy] Got response with status 200: {"sessionId":"dff51be2-33f9-4ee4-9367-e47fcd54ec21","value":{"ELEMENT":"46113e6d-77c3-4915-a0e6-21fc3f28f656","element-6066-11e4-a52e-4f735466cecf":"46113e6d-77c3-4915-a0e6-21fc3f28f656"}}
2021-06-21 21:56:43:225 [W3C (059cff38)] Responding to client with driver.findElement() result: {"element-6066-11e4-a52e-4f735466cecf":"46113e6d-77c3-4915-a0e6-21fc3f28f656","ELEMENT":"46113e6d-77c3-4915-a0e6-21fc3f28f656"}
2021-06-21 21:56:43:226 [HTTP] <-- POST /wd/hub/session/059cff38-23c6-4ec1-b668-a2ef75d16654/element 200 499 ms - 137
2021-06-21 21:56:43:226 [HTTP] 
2021-06-21 21:56:43:229 [HTTP] --> GET /wd/hub/session/059cff38-23c6-4ec1-b668-a2ef75d16654/element/46113e6d-77c3-4915-a0e6-21fc3f28f656/displayed
2021-06-21 21:56:43:229 [HTTP] {}
2021-06-21 21:56:43:230 [W3C (059cff38)] Calling AppiumDriver.elementDisplayed() with args: ["46113e6d-77c3-4915-a0e6-21fc3f28f656","059cff38-23c6-4ec1-b668-a2ef75d16654"]
2021-06-21 21:56:43:231 [WD Proxy] Matched '/element/46113e6d-77c3-4915-a0e6-21fc3f28f656/attribute/displayed' to command name 'getAttribute'
2021-06-21 21:56:43:232 [WD Proxy] Proxying [GET /element/46113e6d-77c3-4915-a0e6-21fc3f28f656/attribute/displayed] to [GET http://127.0.0.1:10001/wd/hub/session/dff51be2-33f9-4ee4-9367-e47fcd54ec21/element/46113e6d-77c3-4915-a0e6-21fc3f28f656/attribute/displayed] with no body
2021-06-21 21:56:43:246 [WD Proxy] Got response with status 200: {"sessionId":"dff51be2-33f9-4ee4-9367-e47fcd54ec21","value":"true"}
2021-06-21 21:56:43:247 [W3C (059cff38)] Responding to client with driver.elementDisplayed() result: true
2021-06-21 21:56:43:247 [HTTP] <-- GET /wd/hub/session/059cff38-23c6-4ec1-b668-a2ef75d16654/element/46113e6d-77c3-4915-a0e6-21fc3f28f656/displayed 200 18 ms - 14
2021-06-21 21:56:43:248 [HTTP] 
2021-06-21 21:56:43:258 [HTTP] --> GET /wd/hub/session/059cff38-23c6-4ec1-b668-a2ef75d16654/context
2021-06-21 21:56:43:258 [HTTP] {}
2021-06-21 21:56:43:258 [W3C (059cff38)] Calling AppiumDriver.getCurrentContext() with args: ["059cff38-23c6-4ec1-b668-a2ef75d16654"]
2021-06-21 21:56:43:259 [W3C (059cff38)] Responding to client with driver.getCurrentContext() result: "NATIVE_APP"
2021-06-21 21:56:43:259 [HTTP] <-- GET /wd/hub/session/059cff38-23c6-4ec1-b668-a2ef75d16654/context 200 2 ms - 22
2021-06-21 21:56:43:260 [HTTP] 
2021-06-21 21:56:43:279 [HTTP] --> POST /wd/hub/session/059cff38-23c6-4ec1-b668-a2ef75d16654/element
2021-06-21 21:56:43:279 [HTTP] {"using":"accessibility id","value":"test-Password"}
2021-06-21 21:56:43:279 [W3C (059cff38)] Calling AppiumDriver.findElement() with args: ["accessibility id","test-Password","059cff38-23c6-4ec1-b668-a2ef75d16654"]
2021-06-21 21:56:43:280 [BaseDriver] Valid locator strategies for this request: xpath, id, class name, accessibility id, css selector, -android uiautomator
2021-06-21 21:56:43:280 [BaseDriver] Waiting up to 0 ms for condition
2021-06-21 21:56:43:280 [WD Proxy] Matched '/element' to command name 'findElement'
2021-06-21 21:56:43:281 [WD Proxy] Proxying [POST /element] to [POST http://127.0.0.1:10001/wd/hub/session/dff51be2-33f9-4ee4-9367-e47fcd54ec21/element] with body: {"strategy":"accessibility id","selector":"test-Password","context":"","multiple":false}
2021-06-21 21:56:43:304 [WD Proxy] Got response with status 200: {"sessionId":"dff51be2-33f9-4ee4-9367-e47fcd54ec21","value":{"ELEMENT":"fc70707f-70e7-4e54-b92f-c36cd41d7ef4","element-6066-11e4-a52e-4f735466cecf":"fc70707f-70e7-4e54-b92f-c36cd41d7ef4"}}
2021-06-21 21:56:43:305 [W3C (059cff38)] Responding to client with driver.findElement() result: {"element-6066-11e4-a52e-4f735466cecf":"fc70707f-70e7-4e54-b92f-c36cd41d7ef4","ELEMENT":"fc70707f-70e7-4e54-b92f-c36cd41d7ef4"}
2021-06-21 21:56:43:306 [HTTP] <-- POST /wd/hub/session/059cff38-23c6-4ec1-b668-a2ef75d16654/element 200 27 ms - 137
2021-06-21 21:56:43:306 [HTTP] 
2021-06-21 21:56:43:310 [HTTP] --> POST /wd/hub/session/059cff38-23c6-4ec1-b668-a2ef75d16654/element/fc70707f-70e7-4e54-b92f-c36cd41d7ef4/value
2021-06-21 21:56:43:311 [HTTP] {"id":"fc70707f-70e7-4e54-b92f-c36cd41d7ef4","text":"secret_sauce","value":["s","e","c","r","e","t","_","s","a","u","c","e"]}
2021-06-21 21:56:43:311 [W3C (059cff38)] Calling AppiumDriver.setValue() with args: [["s","e","c","r","e","t","_","s","a","u","c","e"],"fc70707f-70e7-4e54-b92f-c36cd41d7ef4","059cff38-23c6-4ec1-b668-a2ef75d16654"]
2021-06-21 21:56:43:312 [WD Proxy] Matched '/element/fc70707f-70e7-4e54-b92f-c36cd41d7ef4/value' to command name 'setValue'
2021-06-21 21:56:43:312 [Protocol Converter] Added 'value' property ["s","e","c","r","e","t","_","s","a","u","c","e"] to 'setValue' request body
2021-06-21 21:56:43:313 [WD Proxy] Proxying [POST /element/fc70707f-70e7-4e54-b92f-c36cd41d7ef4/value] to [POST http://127.0.0.1:10001/wd/hub/session/dff51be2-33f9-4ee4-9367-e47fcd54ec21/element/fc70707f-70e7-4e54-b92f-c36cd41d7ef4/value] with body: {"elementId":"fc70707f-70e7-4e54-b92f-c36cd41d7ef4","text":"secret_sauce","replace":false,"value":["s","e","c","r","e","t","_","s","a","u","c","e"]}
2021-06-21 21:56:43:356 [WD Proxy] Got response with status 200: {"sessionId":"dff51be2-33f9-4ee4-9367-e47fcd54ec21","value":null}
2021-06-21 21:56:43:356 [W3C (059cff38)] Responding to client with driver.setValue() result: null
2021-06-21 21:56:43:357 [HTTP] <-- POST /wd/hub/session/059cff38-23c6-4ec1-b668-a2ef75d16654/element/fc70707f-70e7-4e54-b92f-c36cd41d7ef4/value 200 47 ms - 14
2021-06-21 21:56:43:357 [HTTP] 
2021-06-21 21:56:43:362 [HTTP] --> GET /wd/hub/session/059cff38-23c6-4ec1-b668-a2ef75d16654/context
2021-06-21 21:56:43:363 [HTTP] {}
2021-06-21 21:56:43:363 [W3C (059cff38)] Calling AppiumDriver.getCurrentContext() with args: ["059cff38-23c6-4ec1-b668-a2ef75d16654"]
2021-06-21 21:56:43:364 [W3C (059cff38)] Responding to client with driver.getCurrentContext() result: "NATIVE_APP"
2021-06-21 21:56:43:365 [HTTP] <-- GET /wd/hub/session/059cff38-23c6-4ec1-b668-a2ef75d16654/context 200 3 ms - 22
2021-06-21 21:56:43:366 [HTTP] 
2021-06-21 21:56:43:373 [HTTP] --> POST /wd/hub/session/059cff38-23c6-4ec1-b668-a2ef75d16654/element
2021-06-21 21:56:43:373 [HTTP] {"using":"accessibility id","value":"test-LOGIN"}
2021-06-21 21:56:43:374 [W3C (059cff38)] Calling AppiumDriver.findElement() with args: ["accessibility id","test-LOGIN","059cff38-23c6-4ec1-b668-a2ef75d16654"]
2021-06-21 21:56:43:374 [BaseDriver] Valid locator strategies for this request: xpath, id, class name, accessibility id, css selector, -android uiautomator
2021-06-21 21:56:43:378 [BaseDriver] Waiting up to 0 ms for condition
2021-06-21 21:56:43:379 [WD Proxy] Matched '/element' to command name 'findElement'
2021-06-21 21:56:43:379 [WD Proxy] Proxying [POST /element] to [POST http://127.0.0.1:10001/wd/hub/session/dff51be2-33f9-4ee4-9367-e47fcd54ec21/element] with body: {"strategy":"accessibility id","selector":"test-LOGIN","context":"","multiple":false}
2021-06-21 21:56:43:868 [WD Proxy] Got response with status 200: {"sessionId":"dff51be2-33f9-4ee4-9367-e47fcd54ec21","value":{"ELEMENT":"0c8d7ca5-f82a-4d99-827a-f462f7fd4af6","element-6066-11e4-a52e-4f735466cecf":"0c8d7ca5-f82a-4d99-827a-f462f7fd4af6"}}
2021-06-21 21:56:43:869 [W3C (059cff38)] Responding to client with driver.findElement() result: {"element-6066-11e4-a52e-4f735466cecf":"0c8d7ca5-f82a-4d99-827a-f462f7fd4af6","ELEMENT":"0c8d7ca5-f82a-4d99-827a-f462f7fd4af6"}
2021-06-21 21:56:43:870 [HTTP] <-- POST /wd/hub/session/059cff38-23c6-4ec1-b668-a2ef75d16654/element 200 496 ms - 137
2021-06-21 21:56:43:871 [HTTP] 
2021-06-21 21:56:43:873 [HTTP] --> GET /wd/hub/session/059cff38-23c6-4ec1-b668-a2ef75d16654/element/0c8d7ca5-f82a-4d99-827a-f462f7fd4af6/displayed
2021-06-21 21:56:43:873 [HTTP] {}
2021-06-21 21:56:43:873 [W3C (059cff38)] Calling AppiumDriver.elementDisplayed() with args: ["0c8d7ca5-f82a-4d99-827a-f462f7fd4af6","059cff38-23c6-4ec1-b668-a2ef75d16654"]
2021-06-21 21:56:43:874 [WD Proxy] Matched '/element/0c8d7ca5-f82a-4d99-827a-f462f7fd4af6/attribute/displayed' to command name 'getAttribute'
2021-06-21 21:56:43:874 [WD Proxy] Proxying [GET /element/0c8d7ca5-f82a-4d99-827a-f462f7fd4af6/attribute/displayed] to [GET http://127.0.0.1:10001/wd/hub/session/dff51be2-33f9-4ee4-9367-e47fcd54ec21/element/0c8d7ca5-f82a-4d99-827a-f462f7fd4af6/attribute/displayed] with no body
2021-06-21 21:56:43:885 [WD Proxy] Got response with status 200: {"sessionId":"dff51be2-33f9-4ee4-9367-e47fcd54ec21","value":"true"}
2021-06-21 21:56:43:886 [W3C (059cff38)] Responding to client with driver.elementDisplayed() result: true
2021-06-21 21:56:43:887 [HTTP] <-- GET /wd/hub/session/059cff38-23c6-4ec1-b668-a2ef75d16654/element/0c8d7ca5-f82a-4d99-827a-f462f7fd4af6/displayed 200 14 ms - 14
2021-06-21 21:56:43:887 [HTTP] 
2021-06-21 21:56:43:890 [HTTP] --> GET /wd/hub/session/059cff38-23c6-4ec1-b668-a2ef75d16654/context
2021-06-21 21:56:43:890 [HTTP] {}
2021-06-21 21:56:43:890 [W3C (059cff38)] Calling AppiumDriver.getCurrentContext() with args: ["059cff38-23c6-4ec1-b668-a2ef75d16654"]
2021-06-21 21:56:43:891 [W3C (059cff38)] Responding to client with driver.getCurrentContext() result: "NATIVE_APP"
2021-06-21 21:56:43:892 [HTTP] <-- GET /wd/hub/session/059cff38-23c6-4ec1-b668-a2ef75d16654/context 200 2 ms - 22
2021-06-21 21:56:43:892 [HTTP] 
2021-06-21 21:56:43:912 [HTTP] --> POST /wd/hub/session/059cff38-23c6-4ec1-b668-a2ef75d16654/element
2021-06-21 21:56:43:912 [HTTP] {"using":"accessibility id","value":"test-LOGIN"}
2021-06-21 21:56:43:912 [W3C (059cff38)] Calling AppiumDriver.findElement() with args: ["accessibility id","test-LOGIN","059cff38-23c6-4ec1-b668-a2ef75d16654"]
2021-06-21 21:56:43:913 [BaseDriver] Valid locator strategies for this request: xpath, id, class name, accessibility id, css selector, -android uiautomator
2021-06-21 21:56:43:913 [BaseDriver] Waiting up to 0 ms for condition
2021-06-21 21:56:43:914 [WD Proxy] Matched '/element' to command name 'findElement'
2021-06-21 21:56:43:915 [WD Proxy] Proxying [POST /element] to [POST http://127.0.0.1:10001/wd/hub/session/dff51be2-33f9-4ee4-9367-e47fcd54ec21/element] with body: {"strategy":"accessibility id","selector":"test-LOGIN","context":"","multiple":false}
2021-06-21 21:56:43:946 [WD Proxy] Got response with status 200: {"sessionId":"dff51be2-33f9-4ee4-9367-e47fcd54ec21","value":{"ELEMENT":"618f54f8-3ece-49d9-8ea8-05178d49f789","element-6066-11e4-a52e-4f735466cecf":"618f54f8-3ece-49d9-8ea8-05178d49f789"}}
2021-06-21 21:56:43:949 [W3C (059cff38)] Responding to client with driver.findElement() result: {"element-6066-11e4-a52e-4f735466cecf":"618f54f8-3ece-49d9-8ea8-05178d49f789","ELEMENT":"618f54f8-3ece-49d9-8ea8-05178d49f789"}
2021-06-21 21:56:43:950 [HTTP] <-- POST /wd/hub/session/059cff38-23c6-4ec1-b668-a2ef75d16654/element 200 38 ms - 137
2021-06-21 21:56:43:950 [HTTP] 
2021-06-21 21:56:43:958 [HTTP] --> POST /wd/hub/session/059cff38-23c6-4ec1-b668-a2ef75d16654/element/618f54f8-3ece-49d9-8ea8-05178d49f789/click
2021-06-21 21:56:43:958 [HTTP] {"id":"618f54f8-3ece-49d9-8ea8-05178d49f789"}
2021-06-21 21:56:43:959 [W3C (059cff38)] Calling AppiumDriver.click() with args: ["618f54f8-3ece-49d9-8ea8-05178d49f789","059cff38-23c6-4ec1-b668-a2ef75d16654"]
2021-06-21 21:56:43:960 [WD Proxy] Matched '/element/618f54f8-3ece-49d9-8ea8-05178d49f789/click' to command name 'click'
2021-06-21 21:56:43:961 [WD Proxy] Proxying [POST /element/618f54f8-3ece-49d9-8ea8-05178d49f789/click] to [POST http://127.0.0.1:10001/wd/hub/session/dff51be2-33f9-4ee4-9367-e47fcd54ec21/element/618f54f8-3ece-49d9-8ea8-05178d49f789/click] with body: {"element":"618f54f8-3ece-49d9-8ea8-05178d49f789"}
2021-06-21 21:56:44:007 [WD Proxy] Got response with status 200: {"sessionId":"dff51be2-33f9-4ee4-9367-e47fcd54ec21","value":null}
2021-06-21 21:56:44:007 [W3C (059cff38)] Responding to client with driver.click() result: null
2021-06-21 21:56:44:008 [HTTP] <-- POST /wd/hub/session/059cff38-23c6-4ec1-b668-a2ef75d16654/element/618f54f8-3ece-49d9-8ea8-05178d49f789/click 200 49 ms - 14
2021-06-21 21:56:44:008 [HTTP] 
2021-06-21 21:56:44:012 [HTTP] --> GET /wd/hub/session/059cff38-23c6-4ec1-b668-a2ef75d16654/context
2021-06-21 21:56:44:012 [HTTP] {}
2021-06-21 21:56:44:013 [W3C (059cff38)] Calling AppiumDriver.getCurrentContext() with args: ["059cff38-23c6-4ec1-b668-a2ef75d16654"]
2021-06-21 21:56:44:014 [W3C (059cff38)] Responding to client with driver.getCurrentContext() result: "NATIVE_APP"
2021-06-21 21:56:44:015 [HTTP] <-- GET /wd/hub/session/059cff38-23c6-4ec1-b668-a2ef75d16654/context 200 3 ms - 22
2021-06-21 21:56:44:015 [HTTP] 
2021-06-21 21:56:44:022 [HTTP] --> POST /wd/hub/session/059cff38-23c6-4ec1-b668-a2ef75d16654/element
2021-06-21 21:56:44:022 [HTTP] {"using":"xpath","value":"//android.view.ViewGroup[@content-desc=\"test-Error message\"]/android.widget.TextView"}
2021-06-21 21:56:44:023 [W3C (059cff38)] Calling AppiumDriver.findElement() with args: ["xpath","//android.view.ViewGroup[@content-desc=\"test-Error message\"]/android.widget.TextView","059cff38-23c6-4ec1-b668-a2ef75d16654"]
2021-06-21 21:56:44:023 [BaseDriver] Valid locator strategies for this request: xpath, id, class name, accessibility id, css selector, -android uiautomator
2021-06-21 21:56:44:023 [BaseDriver] Waiting up to 0 ms for condition
2021-06-21 21:56:44:025 [WD Proxy] Matched '/element' to command name 'findElement'
2021-06-21 21:56:44:026 [WD Proxy] Proxying [POST /element] to [POST http://127.0.0.1:10001/wd/hub/session/dff51be2-33f9-4ee4-9367-e47fcd54ec21/element] with body: {"strategy":"xpath","selector":"//android.view.ViewGroup[@content-desc=\"test-Error message\"]/android.widget.TextView","context":"","multiple":false}
2021-06-21 21:56:48:229 [WD Proxy] Got response with status 200: {"sessionId":"dff51be2-33f9-4ee4-9367-e47fcd54ec21","value":{"ELEMENT":"c035525d-49db-4f8e-9105-5af6f78c3ffa","element-6066-11e4-a52e-4f735466cecf":"c035525d-49db-4f8e-9105-5af6f78c3ffa"}}
2021-06-21 21:56:48:230 [W3C (059cff38)] Responding to client with driver.findElement() result: {"element-6066-11e4-a52e-4f735466cecf":"c035525d-49db-4f8e-9105-5af6f78c3ffa","ELEMENT":"c035525d-49db-4f8e-9105-5af6f78c3ffa"}
2021-06-21 21:56:48:230 [HTTP] <-- POST /wd/hub/session/059cff38-23c6-4ec1-b668-a2ef75d16654/element 200 4208 ms - 137
2021-06-21 21:56:48:231 [HTTP] 
2021-06-21 21:56:48:234 [HTTP] --> GET /wd/hub/session/059cff38-23c6-4ec1-b668-a2ef75d16654/element/c035525d-49db-4f8e-9105-5af6f78c3ffa/displayed
2021-06-21 21:56:48:234 [HTTP] {}
2021-06-21 21:56:48:234 [W3C (059cff38)] Calling AppiumDriver.elementDisplayed() with args: ["c035525d-49db-4f8e-9105-5af6f78c3ffa","059cff38-23c6-4ec1-b668-a2ef75d16654"]
2021-06-21 21:56:48:235 [WD Proxy] Matched '/element/c035525d-49db-4f8e-9105-5af6f78c3ffa/attribute/displayed' to command name 'getAttribute'
2021-06-21 21:56:48:235 [WD Proxy] Proxying [GET /element/c035525d-49db-4f8e-9105-5af6f78c3ffa/attribute/displayed] to [GET http://127.0.0.1:10001/wd/hub/session/dff51be2-33f9-4ee4-9367-e47fcd54ec21/element/c035525d-49db-4f8e-9105-5af6f78c3ffa/attribute/displayed] with no body
2021-06-21 21:56:48:270 [WD Proxy] Got response with status 200: {"sessionId":"dff51be2-33f9-4ee4-9367-e47fcd54ec21","value":"true"}
2021-06-21 21:56:48:272 [W3C (059cff38)] Responding to client with driver.elementDisplayed() result: true
2021-06-21 21:56:48:274 [HTTP] <-- GET /wd/hub/session/059cff38-23c6-4ec1-b668-a2ef75d16654/element/c035525d-49db-4f8e-9105-5af6f78c3ffa/displayed 200 40 ms - 14
2021-06-21 21:56:48:274 [HTTP] 
2021-06-21 21:56:48:277 [HTTP] --> GET /wd/hub/session/059cff38-23c6-4ec1-b668-a2ef75d16654/context
2021-06-21 21:56:48:277 [HTTP] {}
2021-06-21 21:56:48:281 [W3C (059cff38)] Calling AppiumDriver.getCurrentContext() with args: ["059cff38-23c6-4ec1-b668-a2ef75d16654"]
2021-06-21 21:56:48:282 [W3C (059cff38)] Responding to client with driver.getCurrentContext() result: "NATIVE_APP"
2021-06-21 21:56:48:284 [HTTP] <-- GET /wd/hub/session/059cff38-23c6-4ec1-b668-a2ef75d16654/context 200 6 ms - 22
2021-06-21 21:56:48:284 [HTTP] 
2021-06-21 21:56:48:296 [HTTP] --> POST /wd/hub/session/059cff38-23c6-4ec1-b668-a2ef75d16654/element
2021-06-21 21:56:48:296 [HTTP] {"using":"xpath","value":"//android.view.ViewGroup[@content-desc=\"test-Error message\"]/android.widget.TextView"}
2021-06-21 21:56:48:296 [W3C (059cff38)] Calling AppiumDriver.findElement() with args: ["xpath","//android.view.ViewGroup[@content-desc=\"test-Error message\"]/android.widget.TextView","059cff38-23c6-4ec1-b668-a2ef75d16654"]
2021-06-21 21:56:48:297 [BaseDriver] Valid locator strategies for this request: xpath, id, class name, accessibility id, css selector, -android uiautomator
2021-06-21 21:56:48:297 [BaseDriver] Waiting up to 0 ms for condition
2021-06-21 21:56:48:297 [WD Proxy] Matched '/element' to command name 'findElement'
2021-06-21 21:56:48:298 [WD Proxy] Proxying [POST /element] to [POST http://127.0.0.1:10001/wd/hub/session/dff51be2-33f9-4ee4-9367-e47fcd54ec21/element] with body: {"strategy":"xpath","selector":"//android.view.ViewGroup[@content-desc=\"test-Error message\"]/android.widget.TextView","context":"","multiple":false}
2021-06-21 21:56:48:399 [WD Proxy] Got response with status 200: {"sessionId":"dff51be2-33f9-4ee4-9367-e47fcd54ec21","value":{"ELEMENT":"eab40df6-ae04-40e7-a7b5-eb904f2363f1","element-6066-11e4-a52e-4f735466cecf":"eab40df6-ae04-40e7-a7b5-eb904f2363f1"}}
2021-06-21 21:56:48:399 [W3C (059cff38)] Responding to client with driver.findElement() result: {"element-6066-11e4-a52e-4f735466cecf":"eab40df6-ae04-40e7-a7b5-eb904f2363f1","ELEMENT":"eab40df6-ae04-40e7-a7b5-eb904f2363f1"}
2021-06-21 21:56:48:400 [HTTP] <-- POST /wd/hub/session/059cff38-23c6-4ec1-b668-a2ef75d16654/element 200 104 ms - 137
2021-06-21 21:56:48:401 [HTTP] 
2021-06-21 21:56:48:408 [HTTP] --> GET /wd/hub/session/059cff38-23c6-4ec1-b668-a2ef75d16654/element/eab40df6-ae04-40e7-a7b5-eb904f2363f1/attribute/text
2021-06-21 21:56:48:408 [HTTP] {}
2021-06-21 21:56:48:409 [W3C (059cff38)] Calling AppiumDriver.getAttribute() with args: ["text","eab40df6-ae04-40e7-a7b5-eb904f2363f1","059cff38-23c6-4ec1-b668-a2ef75d16654"]
2021-06-21 21:56:48:409 [WD Proxy] Matched '/element/eab40df6-ae04-40e7-a7b5-eb904f2363f1/attribute/text' to command name 'getAttribute'
2021-06-21 21:56:48:409 [WD Proxy] Proxying [GET /element/eab40df6-ae04-40e7-a7b5-eb904f2363f1/attribute/text] to [GET http://127.0.0.1:10001/wd/hub/session/dff51be2-33f9-4ee4-9367-e47fcd54ec21/element/eab40df6-ae04-40e7-a7b5-eb904f2363f1/attribute/text] with no body
2021-06-21 21:56:48:426 [WD Proxy] Got response with status 200: {"sessionId":"dff51be2-33f9-4ee4-9367-e47fcd54ec21","value":"Username and password do not match any user in this service."}
2021-06-21 21:56:48:427 [W3C (059cff38)] Responding to client with driver.getAttribute() result: "Username and password do not match any user in this service."
2021-06-21 21:56:48:428 [HTTP] <-- GET /wd/hub/session/059cff38-23c6-4ec1-b668-a2ef75d16654/element/eab40df6-ae04-40e7-a7b5-eb904f2363f1/attribute/text 200 19 ms - 72
2021-06-21 21:56:48:428 [HTTP] 
2021-06-21 21:56:48:432 [HTTP] --> GET /wd/hub/session/059cff38-23c6-4ec1-b668-a2ef75d16654/screenshot
2021-06-21 21:56:48:432 [HTTP] {}
2021-06-21 21:56:48:434 [W3C (059cff38)] Calling AppiumDriver.getScreenshot() with args: ["059cff38-23c6-4ec1-b668-a2ef75d16654"]
2021-06-21 21:56:48:434 [WD Proxy] Matched '/screenshot' to command name 'getScreenshot'
2021-06-21 21:56:48:435 [WD Proxy] Proxying [GET /screenshot] to [GET http://127.0.0.1:10001/wd/hub/session/dff51be2-33f9-4ee4-9367-e47fcd54ec21/screenshot] with no body
2021-06-21 21:56:49:438 [WD Proxy] Got response with status 200: {"sessionId":"dff51be2-33f9-4ee4-9367-e47fcd54ec21","value":"iVBORw0KGgoAAAANSUhEUgAABaAAAAvgCAYAAAD3x5X5AAAABHNCSVQICAgIfAhkiAAAIABJREFU\neJzs3Xtw3XWd+P/XObknTa+UFlraYqH0AkVuliKFSoUVkbEKuMs67qzsuI474y44MrMsKurs4Ox+\nx3F3VnfUXQRR65XFCyAoWEqhtMit3NpCKb239Eabtrknn98fneRHae457yQNj8cMI5yc8/m80jaJ\nfead9zt38803ZwEAAAAAAAWWH+wBAAAAAAAYngRoAAAAAACSEKABAAAAAEhCgAYAAAAAIAkBGgAA\nAACAJARoAAAAAACSEKABAAAAAEhCgAYAAAAAIAkBGgAAAACAJARoAAAAAACSEKABAAAAAEhCgAYA\nAAAAIAkBGgAAAACAJARoAAAAAACSEKABAAAAAEhCgAYAAAAAIAkBGgAAAACAJARoAAAAAACSEKAB\nAAAAAEhCgAYAAAAAIAkBGgAAAACAJARoAAAAAACSEKABAAAAAEhCgAYAAAAAIAkBGgAAAACAJARo\nAAAAAACSEKABAAAAAEhCgAYAAAAAIAkBGgAAAACAJARoAAAAAACSEKABAAAAAEhCgAYAAAAAIAkB\nGgAAAACAJARoAAAAAACSEKABAAAAAEhCgAYAAAAAIAkBGgAAAACAJARoAAAAAACSEKABAAAAAEhC\ngAYAAAAAIAkBGgAAAACAJARoAAAAAACSEKABAAAAAEhCgAYAAAAAIAkBGgAAAACAJARoAAAAAACS\nEKABAAAAAEhCgAYAAAAAIAkBGgAAAACAJARoAAAAAACSEKABAAAAAEhCgAYAAAAAIAkBGgAAAACA\nJARoAAAAAACSEKABAAAAAEhCgAYAAAAAIAkBGgAAAACAJARoAAAAAACSEKABAAAAAEiieLAHAIaf\nXC4XI0eOjNmzZ8dZZ50VJ598...
2021-06-21 21:56:49:442 [W3C (059cff38)] Responding to client with driver.getScreenshot() result: "iVBORw0KGgoAAAANSUhEUgAABaAAAAvgCAYAAAD3x5X5AAAABHNCSVQICAgIfAhkiAAAIABJREFU\neJzs3Xtw3XWd+P/XObknTa+UFlraYqH0AkVuliKFSoUVkbEKuMs67qzsuI474y44MrMsKurs4Ox+\nx3F3VnfUXQRR65XFCyAoWEqhtMit3NpCKb239Eabtrknn98fneRHae457yQNj8cMI5yc8/m80jaJ\nfead9zt38803ZwEAAAAAAAWWH+wBAAAAAAAYngRoAAAAAACSEKABAAAAAEhCgAYAAAAAIAkBGgAA\nAACAJARoAAAAAACSEKABAAAAAEhCgAYAAAAAIAkBGgAAAACAJARoAAAAAACSEKABAAAAAEhCgAYA\nAAAAIAkBGgAAAACAJARoAAAAAACSEKABAAAAAEhCgAYAAAAAIAkBGgAAAACAJARoAAAAAACSEKAB\nAAAAAEhCgAYAAAAAIAkBGgAAAACAJARoAAAAAACSEKABAAAAAEhCgAYAAAAAIAkBGgAAAACAJARo\nAAAAAACSEKABAAAAAEhCgAYAAAAAIAkBGgAAAACAJARoAAAAAACSEKABAAAAAEhCgAYAAAAAIAkB\nGgAAAACAJARoAAAAAACSEKABAAAAAEhCgAYAAAAAIAkBGgAAAACAJARoAAAAAACSEKABAAAAAEhC\ngAYAAAAAIAkBGgAAAACAJARoAAAAAACSEKABAAAAAEhCgAYAAAAAIAkBGgAAAACAJARoAAAAAACS\nEKABAAAAAEhCgAYAAAAAIAkBGgAAAACAJARoAAAAAACSEKABAAAAAEhCgAYAAAAAIAkBGgAAAACA\nJARoAAAAAACSEKABAAAAAEhCgAYAAAAAIAkBGgAAAACAJARoAAAAAACSEKABAAAAAEiieLAHAIaf\nXC4XI0eOjNmzZ8dZZ50VJ598clRUVHT6/AMHDsSWLVviueeei9dffz3q6+sjy7IBnBgAAACAFARo\noCByuV...
2021-06-21 21:56:49:450 [HTTP] <-- GET /wd/hub/session/059cff38-23c6-4ec1-b668-a2ef75d16654/screenshot 200 1017 ms - 483322
2021-06-21 21:56:49:450 [HTTP] 
2021-06-21 21:56:49:562 [HTTP] --> POST /wd/hub/session/059cff38-23c6-4ec1-b668-a2ef75d16654/appium/stop_recording_screen
2021-06-21 21:56:49:562 [HTTP] {}
2021-06-21 21:56:49:562 [W3C (059cff38)] Calling AppiumDriver.stopRecordingScreen() with args: [null,"059cff38-23c6-4ec1-b668-a2ef75d16654"]
2021-06-21 21:56:49:563 [ADB] Getting IDs of all 'screenrecord' processes
2021-06-21 21:56:49:563 [ADB] Running 'C:\Users\Qadir\AppData\Local\Android\Sdk\platform-tools\adb.exe -P 5037 -s emulator-5554 shell pgrep -f \(\[\[:blank:\]\]\|\^\)screenrecord\(\[\[:blank:\]\]\|\$\)'
2021-06-21 21:56:49:653 [ADB] Running 'C:\Users\Qadir\AppData\Local\Android\Sdk\platform-tools\adb.exe -P 5037 -s emulator-5554 pull /sdcard/be915396.mp4 C:\Users\Qadir\AppData\Local\Temp\2021521-12992-14nv1db.eslw\be915396.mp4'
2021-06-21 21:56:49:913 [ADB] Running 'C:\Users\Qadir\AppData\Local\Android\Sdk\platform-tools\adb.exe -P 5037 -s emulator-5554 shell rm -rf /sdcard/be915396.mp4'
2021-06-21 21:56:49:952 [AndroidDriver] The size of the resulting screen recording is 0 B
2021-06-21 21:56:49:959 [W3C (059cff38)] Responding to client with driver.stopRecordingScreen() result: ""
2021-06-21 21:56:49:959 [HTTP] <-- POST /wd/hub/session/059cff38-23c6-4ec1-b668-a2ef75d16654/appium/stop_recording_screen 200 397 ms - 12
2021-06-21 21:56:49:960 [HTTP] 
2021-06-21 21:56:49:971 [HTTP] --> DELETE /wd/hub/session/059cff38-23c6-4ec1-b668-a2ef75d16654
2021-06-21 21:56:49:971 [HTTP] {}
2021-06-21 21:56:49:972 [W3C (059cff38)] Calling AppiumDriver.deleteSession() with args: ["059cff38-23c6-4ec1-b668-a2ef75d16654"]
2021-06-21 21:56:49:972 [BaseDriver] Event 'quitSessionRequested' logged at 1624312609972 (17:56:49 GMT-0400 (Eastern Daylight Time))
2021-06-21 21:56:49:973 [Appium] Removing session 059cff38-23c6-4ec1-b668-a2ef75d16654 from our master session list
2021-06-21 21:56:49:974 [UiAutomator2] Deleting UiAutomator2 session
2021-06-21 21:56:49:974 [UiAutomator2] Deleting UiAutomator2 server session
2021-06-21 21:56:49:974 [WD Proxy] Matched '/' to command name 'deleteSession'
2021-06-21 21:56:49:974 [WD Proxy] Proxying [DELETE /] to [DELETE http://127.0.0.1:10001/wd/hub/session/dff51be2-33f9-4ee4-9367-e47fcd54ec21] with no body
2021-06-21 21:56:49:985 [WD Proxy] Got response with status 200: {"sessionId":"dff51be2-33f9-4ee4-9367-e47fcd54ec21","value":null}
2021-06-21 21:56:49:985 [ADB] Running 'C:\Users\Qadir\AppData\Local\Android\Sdk\platform-tools\adb.exe -P 5037 -s emulator-5554 shell am force-stop com.swaglabsmobileapp'
2021-06-21 21:56:50:207 [Logcat] Stopping logcat capture
2021-06-21 21:56:50:210 [ADB] Removing forwarded port socket connection: 10001 
2021-06-21 21:56:50:210 [ADB] Running 'C:\Users\Qadir\AppData\Local\Android\Sdk\platform-tools\adb.exe -P 5037 -s emulator-5554 forward --remove tcp:10001'
2021-06-21 21:56:50:245 [UiAutomator2] Restoring hidden api policy to the device default configuration
2021-06-21 21:56:50:245 [ADB] Running 'C:\Users\Qadir\AppData\Local\Android\Sdk\platform-tools\adb.exe -P 5037 -s emulator-5554 shell 'settings delete global hidden_api_policy_pre_p_apps;settings delete global hidden_api_policy_p_apps;settings delete global hidden_api_policy''
2021-06-21 21:56:50:675 [BaseDriver] Event 'quitSessionFinished' logged at 1624312610675 (17:56:50 GMT-0400 (Eastern Daylight Time))
2021-06-21 21:56:50:675 [W3C (059cff38)] Received response: null
2021-06-21 21:56:50:675 [W3C (059cff38)] But deleting session, so not returning
2021-06-21 21:56:50:675 [W3C (059cff38)] Responding to client with driver.deleteSession() result: null
2021-06-21 21:56:50:679 [HTTP] <-- DELETE /wd/hub/session/059cff38-23c6-4ec1-b668-a2ef75d16654 200 708 ms - 14
2021-06-21 21:56:50:680 [HTTP] 
